[debug] [2021-06-23T10:30:00.707Z] ----------------------------------------------------------------------
[debug] [2021-06-23T10:30:00.708Z] Command:       C:\Program Files\nodejs\node.exe C:\Users\Wahid Fajar\AppData\Roaming\npm\node_modules\firebase-tools\lib\bin\firebase.js deploy
[debug] [2021-06-23T10:30:00.709Z] CLI Version:   9.2.2
[debug] [2021-06-23T10:30:00.709Z] Platform:      win32
[debug] [2021-06-23T10:30:00.709Z] Node Version:  v12.18.3
[debug] [2021-06-23T10:30:00.710Z] Time:          Wed Jun 23 2021 17:30:00 GMT+0700 (Western Indonesia Time)
[debug] [2021-06-23T10:30:00.710Z] ----------------------------------------------------------------------
[debug] [2021-06-23T10:30:00.710Z] 
[debug] [2021-06-23T10:30:00.715Z] > command requires scopes: ["email","openid","https://www.googleapis.com/auth/cloudplatformprojects.readonly","https://www.googleapis.com/auth/firebase","https://www.googleapis.com/auth/cloud-platform"]
[debug] [2021-06-23T10:30:00.716Z] > authorizing via signed-in user
[debug] [2021-06-23T10:30:00.716Z] [iam] checking project lele-press for permissions ["firebase.projects.get","firebasehosting.sites.update"]
[debug] [2021-06-23T10:30:00.718Z] > refreshing access token with scopes: ["email","https://www.googleapis.com/auth/cloud-platform","https://www.googleapis.com/auth/cloudplatformprojects.readonly","https://www.googleapis.com/auth/firebase","openid"]
[debug] [2021-06-23T10:30:00.718Z] >>> HTTP REQUEST POST https://www.googleapis.com/oauth2/v3/token  
 <request body omitted>
[debug] [2021-06-23T10:30:03.191Z] <<< HTTP RESPONSE 200 {"pragma":"no-cache","cache-control":"no-cache, no-store, max-age=0, must-revalidate","expires":"Mon, 01 Jan 1990 00:00:00 GMT","date":"Wed, 23 Jun 2021 10:30:02 GMT","content-type":"application/json; charset=utf-8","vary":"X-Origin, Referer, Origin,Accept-Encoding","server":"scaffolding on HTTPServer2","x-xss-protection":"0","x-frame-options":"SAMEORIGIN","x-content-type-options":"nosniff","alt-svc":"h3=\":443\"; ma=2592000,h3-29=\":443\"; ma=2592000,h3-T051=\":443\"; ma=2592000,h3-Q050=\":443\"; ma=2592000,h3-Q046=\":443\"; ma=2592000,h3-Q043=\":443\"; ma=2592000,quic=\":443\"; ma=2592000; v=\"46,43\"","accept-ranges":"none","transfer-encoding":"chunked"}
[debug] [2021-06-23T10:30:03.195Z] >>> HTTP REQUEST POST https://cloudresourcemanager.googleapis.com/v1/projects/lele-press:testIamPermissions  
 {"permissions":["firebase.projects.get","firebasehosting.sites.update"]}
[debug] [2021-06-23T10:30:06.973Z] <<< HTTP RESPONSE 200 {"content-type":"application/json; charset=UTF-8","vary":"X-Origin, Referer, Origin,Accept-Encoding","date":"Wed, 23 Jun 2021 10:30:06 GMT","server":"ESF","cache-control":"private","x-xss-protection":"0","x-frame-options":"SAMEORIGIN","x-content-type-options":"nosniff","server-timing":"gfet4t7; dur=998","alt-svc":"h3=\":443\"; ma=2592000,h3-29=\":443\"; ma=2592000,h3-T051=\":443\"; ma=2592000,h3-Q050=\":443\"; ma=2592000,h3-Q046=\":443\"; ma=2592000,h3-Q043=\":443\"; ma=2592000,quic=\":443\"; ma=2592000; v=\"46,43\"","accept-ranges":"none","transfer-encoding":"chunked"}
[debug] [2021-06-23T10:30:06.974Z] > refreshing access token with scopes: []
[debug] [2021-06-23T10:30:06.975Z] >>> HTTP REQUEST POST https://www.googleapis.com/oauth2/v3/token  
 <request body omitted>
[debug] [2021-06-23T10:30:09.303Z] <<< HTTP RESPONSE 200 {"date":"Wed, 23 Jun 2021 10:30:09 GMT","cache-control":"no-cache, no-store, max-age=0, must-revalidate","expires":"Mon, 01 Jan 1990 00:00:00 GMT","pragma":"no-cache","content-type":"application/json; charset=utf-8","vary":"X-Origin, Referer, Origin,Accept-Encoding","server":"scaffolding on HTTPServer2","x-xss-protection":"0","x-frame-options":"SAMEORIGIN","x-content-type-options":"nosniff","alt-svc":"h3=\":443\"; ma=2592000,h3-29=\":443\"; ma=2592000,h3-T051=\":443\"; ma=2592000,h3-Q050=\":443\"; ma=2592000,h3-Q046=\":443\"; ma=2592000,h3-Q043=\":443\"; ma=2592000,quic=\":443\"; ma=2592000; v=\"46,43\"","accept-ranges":"none","transfer-encoding":"chunked"}
[debug] [2021-06-23T10:30:09.307Z] >>> [apiv2][query] GET https://firebase.googleapis.com/v1beta1/projects/lele-press [none]
[debug] [2021-06-23T10:30:11.330Z] <<< [apiv2][status] GET https://firebase.googleapis.com/v1beta1/projects/lele-press 200
[debug] [2021-06-23T10:30:11.330Z] <<< [apiv2][body] GET https://firebase.googleapis.com/v1beta1/projects/lele-press {"projectId":"lele-press","projectNumber":"537293316833","displayName":"lele-press","name":"projects/lele-press","resources":{"hostingSite":"lele-press"},"state":"ACTIVE"}
[info] 
[info] === Deploying to 'lele-press'...
[info] 
[info] i  deploying hosting 
[debug] [2021-06-23T10:30:11.335Z] > refreshing access token with scopes: ["email","https://www.googleapis.com/auth/cloud-platform","https://www.googleapis.com/auth/cloudplatformprojects.readonly","https://www.googleapis.com/auth/firebase","openid"]
[debug] [2021-06-23T10:30:11.335Z] >>> HTTP REQUEST POST https://www.googleapis.com/oauth2/v3/token  
 <request body omitted>
[debug] [2021-06-23T10:30:13.048Z] <<< HTTP RESPONSE 200 {"pragma":"no-cache","date":"Wed, 23 Jun 2021 10:30:12 GMT","expires":"Mon, 01 Jan 1990 00:00:00 GMT","cache-control":"no-cache, no-store, max-age=0, must-revalidate","content-type":"application/json; charset=utf-8","vary":"X-Origin, Referer, Origin,Accept-Encoding","server":"scaffolding on HTTPServer2","x-xss-protection":"0","x-frame-options":"SAMEORIGIN","x-content-type-options":"nosniff","alt-svc":"h3=\":443\"; ma=2592000,h3-29=\":443\"; ma=2592000,h3-T051=\":443\"; ma=2592000,h3-Q050=\":443\"; ma=2592000,h3-Q046=\":443\"; ma=2592000,h3-Q043=\":443\"; ma=2592000,quic=\":443\"; ma=2592000; v=\"46,43\"","accept-ranges":"none","transfer-encoding":"chunked"}
[debug] [2021-06-23T10:30:13.052Z] >>> HTTP REQUEST POST https://firebasehosting.googleapis.com/v1beta1/sites/lele-press/versions  
 {"config":{},"labels":{"deployment-tool":"cli-firebase"}}
[debug] [2021-06-23T10:30:16.031Z] <<< HTTP RESPONSE 200 {"content-type":"application/json; charset=UTF-8","vary":"X-Origin, Referer, Origin,Accept-Encoding","date":"Wed, 23 Jun 2021 10:30:15 GMT","server":"ESF","cache-control":"private","x-xss-protection":"0","x-frame-options":"SAMEORIGIN","x-content-type-options":"nosniff","alt-svc":"h3=\":443\"; ma=2592000,h3-29=\":443\"; ma=2592000,h3-T051=\":443\"; ma=2592000,h3-Q050=\":443\"; ma=2592000,h3-Q046=\":443\"; ma=2592000,h3-Q043=\":443\"; ma=2592000,quic=\":443\"; ma=2592000; v=\"46,43\"","accept-ranges":"none","transfer-encoding":"chunked"}
[info] i  hosting[lele-press]: beginning deploy... 
[info] i  hosting[lele-press]: found 61 files in build 
[debug] [2021-06-23T10:30:16.062Z] > refreshing access token with scopes: []
[debug] [2021-06-23T10:30:16.062Z] >>> HTTP REQUEST POST https://www.googleapis.com/oauth2/v3/token  
 <request body omitted>
[debug] [2021-06-23T10:30:16.063Z] [hosting] hash cache [YnVpbGQ] stored for 61 files
[debug] [2021-06-23T10:30:16.064Z] [hosting][hash queue][FINAL] {"max":5,"min":0,"avg":0.8042630390932893,"active":0,"complete":61,"success":61,"errored":0,"retried":0,"total":61,"elapsed":9}
[debug] [2021-06-23T10:30:17.458Z] <<< HTTP RESPONSE 200 {"expires":"Mon, 01 Jan 1990 00:00:00 GMT","date":"Wed, 23 Jun 2021 10:30:17 GMT","pragma":"no-cache","cache-control":"no-cache, no-store, max-age=0, must-revalidate","content-type":"application/json; charset=utf-8","vary":"X-Origin, Referer, Origin,Accept-Encoding","server":"scaffolding on HTTPServer2","x-xss-protection":"0","x-frame-options":"SAMEORIGIN","x-content-type-options":"nosniff","alt-svc":"h3=\":443\"; ma=2592000,h3-29=\":443\"; ma=2592000,h3-T051=\":443\"; ma=2592000,h3-Q050=\":443\"; ma=2592000,h3-Q046=\":443\"; ma=2592000,h3-Q043=\":443\"; ma=2592000,quic=\":443\"; ma=2592000; v=\"46,43\"","accept-ranges":"none","transfer-encoding":"chunked"}
[debug] [2021-06-23T10:30:17.461Z] >>> [apiv2][query] POST https://firebasehosting.googleapis.com/v1beta1/sites/lele-press/versions/734678478704e328:populateFiles [none]
[debug] [2021-06-23T10:30:17.461Z] >>> [apiv2][body] POST https://firebasehosting.googleapis.com/v1beta1/sites/lele-press/versions/734678478704e328:populateFiles {"files":{"/404.html":"daa499dd96d8229e73235345702ba32f0793f0c8e5c0d30e40e37a5872be57aa","/asset-manifest.json":"e63074fae435d6eb6453c4d3191766959e0e9e0653a79851fceb6837ca9b323a","/favicon.ico":"b50df9cfc54a113ad13bcbda11ff17fdee540231588c7738c983dc54ba447288","/index.html":"9a72a673e599cfa7fabfecfad60cdd2ff1cac4a072a574cf17f66833366c656b","/Lelepress.png":"b50df9cfc54a113ad13bcbda11ff17fdee540231588c7738c983dc54ba447288","/logo192.png":"3ee59515172ee198f3be375979df15ac5345183e656720a381b8872b2a39dc8b","/logo512.png":"ee7e2f3fdb8209c4b6fd7bef6ba50d1b9dba30a25bb5c3126df057e1cb6f5331","/manifest.json":"aff3449bdc238776f5d6d967f19ec491b36aed5fb7f23ccff6500736fd58494a","/robots.txt":"bfe106a3fb878dc83461c86818bf74fc1bdc7f28538ba613cd3e775516ce8b49","/static/css/main.f753dff3.chunk.css":"3f04de3a72e0f5e815f2aa115a28a029bffcc86fd96980649af9ef4d41e97b74","/static/css/main.f753dff3.chunk.css.map":"bf834e218da4c429aa84c6c6a91dc6e59668b9cc9b8a3988a148f120cbbf1739","/static/js/2.ef93de05.chunk.js":"72f8e73138272f6a775e792873a47e976d3d3f691669493d9b966cc3a204d64d","/static/js/2.ef93de05.chunk.js.LICENSE.txt":"ff6e1e979db9369a9f7416a242049ffecf6a913bd1a6c3b5da956e28224606d9","/static/js/2.ef93de05.chunk.js.map":"62ce157cdb91631a1e8c1e91f028594b34ed6950f43734b0132f09aa81327367","/static/js/3.b1566bdd.chunk.js":"ed239a932ca1f22d3a1b43db2810f29569f1a43d1ab5b468cdaccdf63855d6cf","/static/js/3.b1566bdd.chunk.js.map":"52d7397ed09cfd7aa1c8a070fe6613293964a7bea00df4acfca7272cb98884c9","/static/js/main.957bb50d.chunk.js":"f4480e0b8214c6ec16674839e827c6783f6d21f2e79aa41344669aec1e40949f","/static/js/main.957bb50d.chunk.js.map":"cfc3697afead34efbc89bedc27f2e05afbfb4fbe69ae7df67bdff37109f1b933","/static/js/runtime-main.592c2cdd.js":"c0bbaf14cbe07df3b6f8c939fc4d9dd4a7ff5b9619cdc6b2368a9d29e7cd582e","/static/js/runtime-main.592c2cdd.js.map":"f51113fbe05269efd45a3f3ce56e347ddf279cfbc0f3befdbc3123d27685389a","/static/media/About.90fe2219.png":"3e0526e1560cb9b478a078c8b227429509bc570e7353fa23688e6152dae9298f","/static/media/AboutBlack.4c997464.png":"31f05199c0ea06a78302985eb0633128002d7b6b6eca33e152216cd299a7253d","/static/media/AboutL.aacb0fac.png":"d767e2b8573c2ad6f6165025c3360de5a38035b6d90d18749fd626979fb7535c","/static/media/backskell.562d914e.png":"969317b5b3c49f0f2d86378820f8d7186a6da07ba7b65784797c1bc207fdc056","/static/media/backskell0.d2479568.png":"bd1e89e1243a61bfc2343a42938996d53211e547127ad3e27307089e6129c595","/static/media/backwomen.c2bf301b.png":"1c511d5c8c0f8fa01ba7a0175ad7c232b1c721fd2d97ee79c9501198d674d405","/static/media/backwomen0.ba8a18fe.png":"87b38f85391d42d5b96135be613d025edce553c4aee209fe241add6ea9bfe46e","/static/media/bat.470cbe82.gif":"cccd0e481af70b528821f116cc02904c4af2890906473c2026e511669e20ef95","/static/media/comic.2c5e6367.png":"d60f9ccd28ce36ce00c0186256306dcbc1d63fdb7833d6be5439f6aa051275e3","/static/media/comic2.085cdb86.png":"c3bf81e909bd10a2a880cf97da8445e72e0036867c20f1763196bad3372168b8","/static/media/Contact.0279a559.png":"45469c3a87b913156b0946165dcb4ecdf5d96f8ea3a6293fca9b936612bb8cfa","/static/media/ContactBlack.868b19d4.png":"8532d6571775efb7a672fc976adc982b2275907f14276cf21d55168e55741bc0","/static/media/contactL.8684c99b.png":"2130ac67025910cb977a2a2e3764c091f13e2f6701455dfeac06151f988cdca6","/static/media/emailL.5c66cb42.gif":"53a707f6bc7d339dafba134780b61f1b0c8f132f6d748d8c6ce18fa479f6ecfd","/static/media/frame.570c9262.gif":"4df957b85ca5d28f7f7c58841410896edf2be483783a3717eb3c1378e3da48a6","/static/media/glaring.68ccc004.gif":"cdd06e3bf0156bea7eb3ac34569687229259e790804254fce6e76e6600272ff9","/static/media/I1.5d36905e.png":"9c4097e269ecef078db5919d7f55edaf3490bfcebb09178ae61e08eae3402ff8","/static/media/I2.09337abc.png":"92d79a5e77b66fb983e3ec537423d9535f2c23f4900e95cb04d2cf75cef61648","/static/media/I3.8182c951.png":"d15663c475dfba3e0bee28d9a80504dcf4cea37a828c6b961578896f6b98a536","/static/media/I4.096952a2.png":"4b357b1ec6db356a4656d4caedd150e016eccafcb13e1cb1bfc8d22c86cf74c0","/static/media/I5.660182c9.png":"c55841b3c4dff71b377426b788a2d305b911cf2e774c84cde8b17ebc4e2a80f3","/static/media/I6.9343dccd.png":"2f024419745dcf66497bd01e6181d3ec7f92542cba21980cda5ad11aa00aa99d","/static/media/I7.ada11831.png":"b02179091e77138f4ea65f605ebac18b320c439bde136af1b9ddd93d86c00110","/static/media/I8.53959478.png":"a5e884a1e35ae22da51508a3c0077a86bbedaa3da8a19fa00a1d8fc593e3fd6a","/static/media/instagram.26ce526c.gif":"094c06abc1d8034c450c7118dac666526f89685864bd89f71d7cdf4a484c799a","/static/media/profile2.7c23aa97.JPG":"bad3804f39f932158bbf99d419c3fb7d0c21153fb69a09e30d8cf2737a5643f2","/static/media/smile.cc5a26d7.gif":"56b8fa5deff4369c49cb59750a1c84ce18e00f13cdbd7d9fc85608e6632ea097","/static/media/swordback.0b24e31e.png":"bf0435399d9c7cb7df4e53e404b83901573ffeec88f562165f08e4df8c81d644","/static/media/swordback0.933a53c5.png":"aed8d11429f7024302c54273a630631a2cbda235a8de28e8b86da51738122321","/static/media/tees.5d3e965f.gif":"3fe1ed506a52ff0af96a8b87fb3af93d7513a0b7cf95086982cc521518dc51cb","/static/media/teesA1.d3e44b72.png":"430ca8ab62b6d2ec4c1245de0d159b9cae107af5c7de5c8b757e1b8d1580d82d","/static/media/teesA2.3de105ad.png":"a2664831a60ed0328490739aa395ebf1e9b8db306b2ee3ef055b1f4b7f06012e","/static/media/teesB1.69d29f00.png":"e15aedb6789a7a4caa1dd892fbe6c46cd7121f8845bdc93aafe803def1068f94","/static/media/teesB2.7e9797ac.png":"333dfad0e061de3de48919b9ad81d83988dff6cfaa0546b2323fd89be542e565","/static/media/teesC1.5bbf782e.png":"1fca43e08a5730ca0ddacc625df0fae857d73c5c0386d10184ae46e7337b707e","/static/media/teesC2.1f321375.png":"125fc0a85f60b11e8cbae543a5d4d207769dbf8b75d1cdec02d3c3c072c2110e","/static/media/teesD1.0f92ab7e.png":"590cbac32e5eaf9893f069c84670aa921fe033b7ca8a89db2ac894e54c196227","/static/media/teesD2.998e81a9.png":"71bb95af5e66cceddded8d664247a18d46b6278fc4854d848b29cdd3b095bbf4","/static/media/Work.d42c11db.png":"58da793c708e310cbae8c33cf911667b6e3479ee63647e98dc1aa8993e4f4a35","/static/media/WorkBlack.89fc36f6.png":"0c49a521c5019565ee7be80e005c5dedd4af4ac53053fdcca444820a7e9531e0","/static/media/workL.32d349cc.png":"6287194f6d2ab6913d62bcde0498c6e670b98035697c718e8560f2bcbbfa6863"}}
[debug] [2021-06-23T10:30:20.503Z] <<< [apiv2][status] POST https://firebasehosting.googleapis.com/v1beta1/sites/lele-press/versions/734678478704e328:populateFiles 200
[debug] [2021-06-23T10:30:20.504Z] <<< [apiv2][body] POST https://firebasehosting.googleapis.com/v1beta1/sites/lele-press/versions/734678478704e328:populateFiles {"uploadRequiredHashes":["590cbac32e5eaf9893f069c84670aa921fe033b7ca8a89db2ac894e54c196227","bf0435399d9c7cb7df4e53e404b83901573ffeec88f562165f08e4df8c81d644","2f024419745dcf66497bd01e6181d3ec7f92542cba21980cda5ad11aa00aa99d","094c06abc1d8034c450c7118dac666526f89685864bd89f71d7cdf4a484c799a","bad3804f39f932158bbf99d419c3fb7d0c21153fb69a09e30d8cf2737a5643f2","d60f9ccd28ce36ce00c0186256306dcbc1d63fdb7833d6be5439f6aa051275e3","4b357b1ec6db356a4656d4caedd150e016eccafcb13e1cb1bfc8d22c86cf74c0","92d79a5e77b66fb983e3ec537423d9535f2c23f4900e95cb04d2cf75cef61648","969317b5b3c49f0f2d86378820f8d7186a6da07ba7b65784797c1bc207fdc056","53a707f6bc7d339dafba134780b61f1b0c8f132f6d748d8c6ce18fa479f6ecfd","aed8d11429f7024302c54273a630631a2cbda235a8de28e8b86da51738122321","d767e2b8573c2ad6f6165025c3360de5a38035b6d90d18749fd626979fb7535c","bd1e89e1243a61bfc2343a42938996d53211e547127ad3e27307089e6129c595","9c4097e269ecef078db5919d7f55edaf3490bfcebb09178ae61e08eae3402ff8","8532d6571775efb7a672fc976adc982b2275907f14276cf21d55168e55741bc0","d15663c475dfba3e0bee28d9a80504dcf4cea37a828c6b961578896f6b98a536","333dfad0e061de3de48919b9ad81d83988dff6cfaa0546b2323fd89be542e565","6287194f6d2ab6913d62bcde0498c6e670b98035697c718e8560f2bcbbfa6863","31f05199c0ea06a78302985eb0633128002d7b6b6eca33e152216cd299a7253d","e15aedb6789a7a4caa1dd892fbe6c46cd7121f8845bdc93aafe803def1068f94","45469c3a87b913156b0946165dcb4ecdf5d96f8ea3a6293fca9b936612bb8cfa","cccd0e481af70b528821f116cc02904c4af2890906473c2026e511669e20ef95","56b8fa5deff4369c49cb59750a1c84ce18e00f13cdbd7d9fc85608e6632ea097","71bb95af5e66cceddded8d664247a18d46b6278fc4854d848b29cdd3b095bbf4","125fc0a85f60b11e8cbae543a5d4d207769dbf8b75d1cdec02d3c3c072c2110e","430ca8ab62b6d2ec4c1245de0d159b9cae107af5c7de5c8b757e1b8d1580d82d","3fe1ed506a52ff0af96a8b87fb3af93d7513a0b7cf95086982cc521518dc51cb","1fca43e08a5730ca0ddacc625df0fae857d73c5c0386d10184ae46e7337b707e","a5e884a1e35ae22da51508a3c0077a86bbedaa3da8a19fa00a1d8fc593e3fd6a","87b38f85391d42d5b96135be613d025edce553c4aee209fe241add6ea9bfe46e","2130ac67025910cb977a2a2e3764c091f13e2f6701455dfeac06151f988cdca6","0c49a521c5019565ee7be80e005c5dedd4af4ac53053fdcca444820a7e9531e0","58da793c708e310cbae8c33cf911667b6e3479ee63647e98dc1aa8993e4f4a35","c55841b3c4dff71b377426b788a2d305b911cf2e774c84cde8b17ebc4e2a80f3","4df957b85ca5d28f7f7c58841410896edf2be483783a3717eb3c1378e3da48a6","cdd06e3bf0156bea7eb3ac34569687229259e790804254fce6e76e6600272ff9","b02179091e77138f4ea65f605ebac18b320c439bde136af1b9ddd93d86c00110","3e0526e1560cb9b478a078c8b227429509bc570e7353fa23688e6152dae9298f","a2664831a60ed0328490739aa395ebf1e9b8db306b2ee3ef055b1f4b7f06012e"],"uploadUrl":"https://upload-firebasehosting.googleapis.com/upload/sites/lele-press/versions/734678478704e328/files"}
[debug] [2021-06-23T10:30:20.511Z] >>> [apiv2][query] POST https://upload-firebasehosting.googleapis.com/upload/sites/lele-press/versions/734678478704e328/files/590cbac32e5eaf9893f069c84670aa921fe033b7ca8a89db2ac894e54c196227 [none]
[debug] [2021-06-23T10:30:20.511Z] >>> [apiv2][body] POST https://upload-firebasehosting.googleapis.com/upload/sites/lele-press/versions/734678478704e328/files/590cbac32e5eaf9893f069c84670aa921fe033b7ca8a89db2ac894e54c196227 [stream]
[debug] [2021-06-23T10:30:20.519Z] >>> [apiv2][query] POST https://upload-firebasehosting.googleapis.com/upload/sites/lele-press/versions/734678478704e328/files/bf0435399d9c7cb7df4e53e404b83901573ffeec88f562165f08e4df8c81d644 [none]
[debug] [2021-06-23T10:30:20.519Z] >>> [apiv2][body] POST https://upload-firebasehosting.googleapis.com/upload/sites/lele-press/versions/734678478704e328/files/bf0435399d9c7cb7df4e53e404b83901573ffeec88f562165f08e4df8c81d644 [stream]
[debug] [2021-06-23T10:30:20.520Z] >>> [apiv2][query] POST https://upload-firebasehosting.googleapis.com/upload/sites/lele-press/versions/734678478704e328/files/2f024419745dcf66497bd01e6181d3ec7f92542cba21980cda5ad11aa00aa99d [none]
[debug] [2021-06-23T10:30:20.521Z] >>> [apiv2][body] POST https://upload-firebasehosting.googleapis.com/upload/sites/lele-press/versions/734678478704e328/files/2f024419745dcf66497bd01e6181d3ec7f92542cba21980cda5ad11aa00aa99d [stream]
[debug] [2021-06-23T10:30:20.522Z] >>> [apiv2][query] POST https://upload-firebasehosting.googleapis.com/upload/sites/lele-press/versions/734678478704e328/files/094c06abc1d8034c450c7118dac666526f89685864bd89f71d7cdf4a484c799a [none]
[debug] [2021-06-23T10:30:20.522Z] >>> [apiv2][body] POST https://upload-firebasehosting.googleapis.com/upload/sites/lele-press/versions/734678478704e328/files/094c06abc1d8034c450c7118dac666526f89685864bd89f71d7cdf4a484c799a [stream]
[debug] [2021-06-23T10:30:20.523Z] >>> [apiv2][query] POST https://upload-firebasehosting.googleapis.com/upload/sites/lele-press/versions/734678478704e328/files/bad3804f39f932158bbf99d419c3fb7d0c21153fb69a09e30d8cf2737a5643f2 [none]
[debug] [2021-06-23T10:30:20.523Z] >>> [apiv2][body] POST https://upload-firebasehosting.googleapis.com/upload/sites/lele-press/versions/734678478704e328/files/bad3804f39f932158bbf99d419c3fb7d0c21153fb69a09e30d8cf2737a5643f2 [stream]
[debug] [2021-06-23T10:30:20.525Z] >>> [apiv2][query] POST https://upload-firebasehosting.googleapis.com/upload/sites/lele-press/versions/734678478704e328/files/d60f9ccd28ce36ce00c0186256306dcbc1d63fdb7833d6be5439f6aa051275e3 [none]
[debug] [2021-06-23T10:30:20.525Z] >>> [apiv2][body] POST https://upload-firebasehosting.googleapis.com/upload/sites/lele-press/versions/734678478704e328/files/d60f9ccd28ce36ce00c0186256306dcbc1d63fdb7833d6be5439f6aa051275e3 [stream]
[debug] [2021-06-23T10:30:20.527Z] >>> [apiv2][query] POST https://upload-firebasehosting.googleapis.com/upload/sites/lele-press/versions/734678478704e328/files/4b357b1ec6db356a4656d4caedd150e016eccafcb13e1cb1bfc8d22c86cf74c0 [none]
[debug] [2021-06-23T10:30:20.527Z] >>> [apiv2][body] POST https://upload-firebasehosting.googleapis.com/upload/sites/lele-press/versions/734678478704e328/files/4b357b1ec6db356a4656d4caedd150e016eccafcb13e1cb1bfc8d22c86cf74c0 [stream]
[debug] [2021-06-23T10:30:20.529Z] >>> [apiv2][query] POST https://upload-firebasehosting.googleapis.com/upload/sites/lele-press/versions/734678478704e328/files/92d79a5e77b66fb983e3ec537423d9535f2c23f4900e95cb04d2cf75cef61648 [none]
[debug] [2021-06-23T10:30:20.529Z] >>> [apiv2][body] POST https://upload-firebasehosting.googleapis.com/upload/sites/lele-press/versions/734678478704e328/files/92d79a5e77b66fb983e3ec537423d9535f2c23f4900e95cb04d2cf75cef61648 [stream]
[debug] [2021-06-23T10:30:20.531Z] >>> [apiv2][query] POST https://upload-firebasehosting.googleapis.com/upload/sites/lele-press/versions/734678478704e328/files/969317b5b3c49f0f2d86378820f8d7186a6da07ba7b65784797c1bc207fdc056 [none]
[debug] [2021-06-23T10:30:20.532Z] >>> [apiv2][body] POST https://upload-firebasehosting.googleapis.com/upload/sites/lele-press/versions/734678478704e328/files/969317b5b3c49f0f2d86378820f8d7186a6da07ba7b65784797c1bc207fdc056 [stream]
[debug] [2021-06-23T10:30:20.534Z] >>> [apiv2][query] POST https://upload-firebasehosting.googleapis.com/upload/sites/lele-press/versions/734678478704e328/files/53a707f6bc7d339dafba134780b61f1b0c8f132f6d748d8c6ce18fa479f6ecfd [none]
[debug] [2021-06-23T10:30:20.534Z] >>> [apiv2][body] POST https://upload-firebasehosting.googleapis.com/upload/sites/lele-press/versions/734678478704e328/files/53a707f6bc7d339dafba134780b61f1b0c8f132f6d748d8c6ce18fa479f6ecfd [stream]
[debug] [2021-06-23T10:30:20.535Z] >>> [apiv2][query] POST https://upload-firebasehosting.googleapis.com/upload/sites/lele-press/versions/734678478704e328/files/aed8d11429f7024302c54273a630631a2cbda235a8de28e8b86da51738122321 [none]
[debug] [2021-06-23T10:30:20.535Z] >>> [apiv2][body] POST https://upload-firebasehosting.googleapis.com/upload/sites/lele-press/versions/734678478704e328/files/aed8d11429f7024302c54273a630631a2cbda235a8de28e8b86da51738122321 [stream]
[debug] [2021-06-23T10:30:20.536Z] >>> [apiv2][query] POST https://upload-firebasehosting.googleapis.com/upload/sites/lele-press/versions/734678478704e328/files/d767e2b8573c2ad6f6165025c3360de5a38035b6d90d18749fd626979fb7535c [none]
[debug] [2021-06-23T10:30:20.536Z] >>> [apiv2][body] POST https://upload-firebasehosting.googleapis.com/upload/sites/lele-press/versions/734678478704e328/files/d767e2b8573c2ad6f6165025c3360de5a38035b6d90d18749fd626979fb7535c [stream]
[debug] [2021-06-23T10:30:20.540Z] >>> [apiv2][query] POST https://upload-firebasehosting.googleapis.com/upload/sites/lele-press/versions/734678478704e328/files/bd1e89e1243a61bfc2343a42938996d53211e547127ad3e27307089e6129c595 [none]
[debug] [2021-06-23T10:30:20.540Z] >>> [apiv2][body] POST https://upload-firebasehosting.googleapis.com/upload/sites/lele-press/versions/734678478704e328/files/bd1e89e1243a61bfc2343a42938996d53211e547127ad3e27307089e6129c595 [stream]
[debug] [2021-06-23T10:30:20.552Z] >>> [apiv2][query] POST https://upload-firebasehosting.googleapis.com/upload/sites/lele-press/versions/734678478704e328/files/9c4097e269ecef078db5919d7f55edaf3490bfcebb09178ae61e08eae3402ff8 [none]
[debug] [2021-06-23T10:30:20.552Z] >>> [apiv2][body] POST https://upload-firebasehosting.googleapis.com/upload/sites/lele-press/versions/734678478704e328/files/9c4097e269ecef078db5919d7f55edaf3490bfcebb09178ae61e08eae3402ff8 [stream]
[debug] [2021-06-23T10:30:20.553Z] >>> [apiv2][query] POST https://upload-firebasehosting.googleapis.com/upload/sites/lele-press/versions/734678478704e328/files/8532d6571775efb7a672fc976adc982b2275907f14276cf21d55168e55741bc0 [none]
[debug] [2021-06-23T10:30:20.553Z] >>> [apiv2][body] POST https://upload-firebasehosting.googleapis.com/upload/sites/lele-press/versions/734678478704e328/files/8532d6571775efb7a672fc976adc982b2275907f14276cf21d55168e55741bc0 [stream]
[debug] [2021-06-23T10:30:20.554Z] >>> [apiv2][query] POST https://upload-firebasehosting.googleapis.com/upload/sites/lele-press/versions/734678478704e328/files/d15663c475dfba3e0bee28d9a80504dcf4cea37a828c6b961578896f6b98a536 [none]
[debug] [2021-06-23T10:30:20.555Z] >>> [apiv2][body] POST https://upload-firebasehosting.googleapis.com/upload/sites/lele-press/versions/734678478704e328/files/d15663c475dfba3e0bee28d9a80504dcf4cea37a828c6b961578896f6b98a536 [stream]
[debug] [2021-06-23T10:30:20.556Z] >>> [apiv2][query] POST https://upload-firebasehosting.googleapis.com/upload/sites/lele-press/versions/734678478704e328/files/333dfad0e061de3de48919b9ad81d83988dff6cfaa0546b2323fd89be542e565 [none]
[debug] [2021-06-23T10:30:20.556Z] >>> [apiv2][body] POST https://upload-firebasehosting.googleapis.com/upload/sites/lele-press/versions/734678478704e328/files/333dfad0e061de3de48919b9ad81d83988dff6cfaa0546b2323fd89be542e565 [stream]
[debug] [2021-06-23T10:30:20.558Z] >>> [apiv2][query] POST https://upload-firebasehosting.googleapis.com/upload/sites/lele-press/versions/734678478704e328/files/6287194f6d2ab6913d62bcde0498c6e670b98035697c718e8560f2bcbbfa6863 [none]
[debug] [2021-06-23T10:30:20.558Z] >>> [apiv2][body] POST https://upload-firebasehosting.googleapis.com/upload/sites/lele-press/versions/734678478704e328/files/6287194f6d2ab6913d62bcde0498c6e670b98035697c718e8560f2bcbbfa6863 [stream]
[debug] [2021-06-23T10:30:20.559Z] >>> [apiv2][query] POST https://upload-firebasehosting.googleapis.com/upload/sites/lele-press/versions/734678478704e328/files/31f05199c0ea06a78302985eb0633128002d7b6b6eca33e152216cd299a7253d [none]
[debug] [2021-06-23T10:30:20.559Z] >>> [apiv2][body] POST https://upload-firebasehosting.googleapis.com/upload/sites/lele-press/versions/734678478704e328/files/31f05199c0ea06a78302985eb0633128002d7b6b6eca33e152216cd299a7253d [stream]
[debug] [2021-06-23T10:30:20.560Z] >>> [apiv2][query] POST https://upload-firebasehosting.googleapis.com/upload/sites/lele-press/versions/734678478704e328/files/e15aedb6789a7a4caa1dd892fbe6c46cd7121f8845bdc93aafe803def1068f94 [none]
[debug] [2021-06-23T10:30:20.560Z] >>> [apiv2][body] POST https://upload-firebasehosting.googleapis.com/upload/sites/lele-press/versions/734678478704e328/files/e15aedb6789a7a4caa1dd892fbe6c46cd7121f8845bdc93aafe803def1068f94 [stream]
[debug] [2021-06-23T10:30:20.562Z] >>> [apiv2][query] POST https://upload-firebasehosting.googleapis.com/upload/sites/lele-press/versions/734678478704e328/files/45469c3a87b913156b0946165dcb4ecdf5d96f8ea3a6293fca9b936612bb8cfa [none]
[debug] [2021-06-23T10:30:20.562Z] >>> [apiv2][body] POST https://upload-firebasehosting.googleapis.com/upload/sites/lele-press/versions/734678478704e328/files/45469c3a87b913156b0946165dcb4ecdf5d96f8ea3a6293fca9b936612bb8cfa [stream]
[debug] [2021-06-23T10:30:20.564Z] >>> [apiv2][query] POST https://upload-firebasehosting.googleapis.com/upload/sites/lele-press/versions/734678478704e328/files/cccd0e481af70b528821f116cc02904c4af2890906473c2026e511669e20ef95 [none]
[debug] [2021-06-23T10:30:20.565Z] >>> [apiv2][body] POST https://upload-firebasehosting.googleapis.com/upload/sites/lele-press/versions/734678478704e328/files/cccd0e481af70b528821f116cc02904c4af2890906473c2026e511669e20ef95 [stream]
[debug] [2021-06-23T10:30:20.566Z] >>> [apiv2][query] POST https://upload-firebasehosting.googleapis.com/upload/sites/lele-press/versions/734678478704e328/files/56b8fa5deff4369c49cb59750a1c84ce18e00f13cdbd7d9fc85608e6632ea097 [none]
[debug] [2021-06-23T10:30:20.566Z] >>> [apiv2][body] POST https://upload-firebasehosting.googleapis.com/upload/sites/lele-press/versions/734678478704e328/files/56b8fa5deff4369c49cb59750a1c84ce18e00f13cdbd7d9fc85608e6632ea097 [stream]
[debug] [2021-06-23T10:30:20.566Z] >>> [apiv2][query] POST https://upload-firebasehosting.googleapis.com/upload/sites/lele-press/versions/734678478704e328/files/71bb95af5e66cceddded8d664247a18d46b6278fc4854d848b29cdd3b095bbf4 [none]
[debug] [2021-06-23T10:30:20.567Z] >>> [apiv2][body] POST https://upload-firebasehosting.googleapis.com/upload/sites/lele-press/versions/734678478704e328/files/71bb95af5e66cceddded8d664247a18d46b6278fc4854d848b29cdd3b095bbf4 [stream]
[debug] [2021-06-23T10:30:20.570Z] >>> [apiv2][query] POST https://upload-firebasehosting.googleapis.com/upload/sites/lele-press/versions/734678478704e328/files/125fc0a85f60b11e8cbae543a5d4d207769dbf8b75d1cdec02d3c3c072c2110e [none]
[debug] [2021-06-23T10:30:20.571Z] >>> [apiv2][body] POST https://upload-firebasehosting.googleapis.com/upload/sites/lele-press/versions/734678478704e328/files/125fc0a85f60b11e8cbae543a5d4d207769dbf8b75d1cdec02d3c3c072c2110e [stream]
[debug] [2021-06-23T10:30:20.572Z] >>> [apiv2][query] POST https://upload-firebasehosting.googleapis.com/upload/sites/lele-press/versions/734678478704e328/files/430ca8ab62b6d2ec4c1245de0d159b9cae107af5c7de5c8b757e1b8d1580d82d [none]
[debug] [2021-06-23T10:30:20.572Z] >>> [apiv2][body] POST https://upload-firebasehosting.googleapis.com/upload/sites/lele-press/versions/734678478704e328/files/430ca8ab62b6d2ec4c1245de0d159b9cae107af5c7de5c8b757e1b8d1580d82d [stream]
[debug] [2021-06-23T10:30:20.573Z] >>> [apiv2][query] POST https://upload-firebasehosting.googleapis.com/upload/sites/lele-press/versions/734678478704e328/files/3fe1ed506a52ff0af96a8b87fb3af93d7513a0b7cf95086982cc521518dc51cb [none]
[debug] [2021-06-23T10:30:20.573Z] >>> [apiv2][body] POST https://upload-firebasehosting.googleapis.com/upload/sites/lele-press/versions/734678478704e328/files/3fe1ed506a52ff0af96a8b87fb3af93d7513a0b7cf95086982cc521518dc51cb [stream]
[debug] [2021-06-23T10:30:20.575Z] >>> [apiv2][query] POST https://upload-firebasehosting.googleapis.com/upload/sites/lele-press/versions/734678478704e328/files/1fca43e08a5730ca0ddacc625df0fae857d73c5c0386d10184ae46e7337b707e [none]
[debug] [2021-06-23T10:30:20.575Z] >>> [apiv2][body] POST https://upload-firebasehosting.googleapis.com/upload/sites/lele-press/versions/734678478704e328/files/1fca43e08a5730ca0ddacc625df0fae857d73c5c0386d10184ae46e7337b707e [stream]
[debug] [2021-06-23T10:30:20.576Z] >>> [apiv2][query] POST https://upload-firebasehosting.googleapis.com/upload/sites/lele-press/versions/734678478704e328/files/a5e884a1e35ae22da51508a3c0077a86bbedaa3da8a19fa00a1d8fc593e3fd6a [none]
[debug] [2021-06-23T10:30:20.576Z] >>> [apiv2][body] POST https://upload-firebasehosting.googleapis.com/upload/sites/lele-press/versions/734678478704e328/files/a5e884a1e35ae22da51508a3c0077a86bbedaa3da8a19fa00a1d8fc593e3fd6a [stream]
[debug] [2021-06-23T10:30:20.577Z] >>> [apiv2][query] POST https://upload-firebasehosting.googleapis.com/upload/sites/lele-press/versions/734678478704e328/files/87b38f85391d42d5b96135be613d025edce553c4aee209fe241add6ea9bfe46e [none]
[debug] [2021-06-23T10:30:20.577Z] >>> [apiv2][body] POST https://upload-firebasehosting.googleapis.com/upload/sites/lele-press/versions/734678478704e328/files/87b38f85391d42d5b96135be613d025edce553c4aee209fe241add6ea9bfe46e [stream]
[debug] [2021-06-23T10:30:20.577Z] >>> [apiv2][query] POST https://upload-firebasehosting.googleapis.com/upload/sites/lele-press/versions/734678478704e328/files/2130ac67025910cb977a2a2e3764c091f13e2f6701455dfeac06151f988cdca6 [none]
[debug] [2021-06-23T10:30:20.577Z] >>> [apiv2][body] POST https://upload-firebasehosting.googleapis.com/upload/sites/lele-press/versions/734678478704e328/files/2130ac67025910cb977a2a2e3764c091f13e2f6701455dfeac06151f988cdca6 [stream]
[debug] [2021-06-23T10:30:20.579Z] >>> [apiv2][query] POST https://upload-firebasehosting.googleapis.com/upload/sites/lele-press/versions/734678478704e328/files/0c49a521c5019565ee7be80e005c5dedd4af4ac53053fdcca444820a7e9531e0 [none]
[debug] [2021-06-23T10:30:20.580Z] >>> [apiv2][body] POST https://upload-firebasehosting.googleapis.com/upload/sites/lele-press/versions/734678478704e328/files/0c49a521c5019565ee7be80e005c5dedd4af4ac53053fdcca444820a7e9531e0 [stream]
[debug] [2021-06-23T10:30:20.583Z] >>> [apiv2][query] POST https://upload-firebasehosting.googleapis.com/upload/sites/lele-press/versions/734678478704e328/files/58da793c708e310cbae8c33cf911667b6e3479ee63647e98dc1aa8993e4f4a35 [none]
[debug] [2021-06-23T10:30:20.584Z] >>> [apiv2][body] POST https://upload-firebasehosting.googleapis.com/upload/sites/lele-press/versions/734678478704e328/files/58da793c708e310cbae8c33cf911667b6e3479ee63647e98dc1aa8993e4f4a35 [stream]
[debug] [2021-06-23T10:30:20.585Z] >>> [apiv2][query] POST https://upload-firebasehosting.googleapis.com/upload/sites/lele-press/versions/734678478704e328/files/c55841b3c4dff71b377426b788a2d305b911cf2e774c84cde8b17ebc4e2a80f3 [none]
[debug] [2021-06-23T10:30:20.586Z] >>> [apiv2][body] POST https://upload-firebasehosting.googleapis.com/upload/sites/lele-press/versions/734678478704e328/files/c55841b3c4dff71b377426b788a2d305b911cf2e774c84cde8b17ebc4e2a80f3 [stream]
[debug] [2021-06-23T10:30:20.586Z] >>> [apiv2][query] POST https://upload-firebasehosting.googleapis.com/upload/sites/lele-press/versions/734678478704e328/files/4df957b85ca5d28f7f7c58841410896edf2be483783a3717eb3c1378e3da48a6 [none]
[debug] [2021-06-23T10:30:20.586Z] >>> [apiv2][body] POST https://upload-firebasehosting.googleapis.com/upload/sites/lele-press/versions/734678478704e328/files/4df957b85ca5d28f7f7c58841410896edf2be483783a3717eb3c1378e3da48a6 [stream]
[debug] [2021-06-23T10:30:20.587Z] >>> [apiv2][query] POST https://upload-firebasehosting.googleapis.com/upload/sites/lele-press/versions/734678478704e328/files/cdd06e3bf0156bea7eb3ac34569687229259e790804254fce6e76e6600272ff9 [none]
[debug] [2021-06-23T10:30:20.587Z] >>> [apiv2][body] POST https://upload-firebasehosting.googleapis.com/upload/sites/lele-press/versions/734678478704e328/files/cdd06e3bf0156bea7eb3ac34569687229259e790804254fce6e76e6600272ff9 [stream]
[debug] [2021-06-23T10:30:20.588Z] >>> [apiv2][query] POST https://upload-firebasehosting.googleapis.com/upload/sites/lele-press/versions/734678478704e328/files/b02179091e77138f4ea65f605ebac18b320c439bde136af1b9ddd93d86c00110 [none]
[debug] [2021-06-23T10:30:20.588Z] >>> [apiv2][body] POST https://upload-firebasehosting.googleapis.com/upload/sites/lele-press/versions/734678478704e328/files/b02179091e77138f4ea65f605ebac18b320c439bde136af1b9ddd93d86c00110 [stream]
[debug] [2021-06-23T10:30:20.589Z] >>> [apiv2][query] POST https://upload-firebasehosting.googleapis.com/upload/sites/lele-press/versions/734678478704e328/files/3e0526e1560cb9b478a078c8b227429509bc570e7353fa23688e6152dae9298f [none]
[debug] [2021-06-23T10:30:20.589Z] >>> [apiv2][body] POST https://upload-firebasehosting.googleapis.com/upload/sites/lele-press/versions/734678478704e328/files/3e0526e1560cb9b478a078c8b227429509bc570e7353fa23688e6152dae9298f [stream]
[debug] [2021-06-23T10:30:20.590Z] >>> [apiv2][query] POST https://upload-firebasehosting.googleapis.com/upload/sites/lele-press/versions/734678478704e328/files/a2664831a60ed0328490739aa395ebf1e9b8db306b2ee3ef055b1f4b7f06012e [none]
[debug] [2021-06-23T10:30:20.590Z] >>> [apiv2][body] POST https://upload-firebasehosting.googleapis.com/upload/sites/lele-press/versions/734678478704e328/files/a2664831a60ed0328490739aa395ebf1e9b8db306b2ee3ef055b1f4b7f06012e [stream]
[debug] [2021-06-23T10:30:20.591Z] [hosting][populate queue][FINAL] {"max":4450,"min":4450,"avg":4450,"active":0,"complete":1,"success":1,"errored":0,"retried":0,"total":1,"elapsed":4530}
[debug] [2021-06-23T10:30:20.592Z] [hosting] uploads queued: 39
[debug] [2021-06-23T10:30:31.757Z] [uploadQueue] Retrying task cdd06e3bf0156bea7eb3ac34569687229259e790804254fce6e76e6600272ff9
[debug] [2021-06-23T10:30:31.759Z] >>> [apiv2][query] POST https://upload-firebasehosting.googleapis.com/upload/sites/lele-press/versions/734678478704e328/files/cdd06e3bf0156bea7eb3ac34569687229259e790804254fce6e76e6600272ff9 [none]
[debug] [2021-06-23T10:30:31.759Z] >>> [apiv2][body] POST https://upload-firebasehosting.googleapis.com/upload/sites/lele-press/versions/734678478704e328/files/cdd06e3bf0156bea7eb3ac34569687229259e790804254fce6e76e6600272ff9 [stream]
[debug] [2021-06-23T10:30:50.913Z] [uploadQueue] Retrying task 590cbac32e5eaf9893f069c84670aa921fe033b7ca8a89db2ac894e54c196227
[debug] [2021-06-23T10:30:50.915Z] >>> [apiv2][query] POST https://upload-firebasehosting.googleapis.com/upload/sites/lele-press/versions/734678478704e328/files/590cbac32e5eaf9893f069c84670aa921fe033b7ca8a89db2ac894e54c196227 [none]
[debug] [2021-06-23T10:30:50.915Z] >>> [apiv2][body] POST https://upload-firebasehosting.googleapis.com/upload/sites/lele-press/versions/734678478704e328/files/590cbac32e5eaf9893f069c84670aa921fe033b7ca8a89db2ac894e54c196227 [stream]
[debug] [2021-06-23T10:30:50.916Z] [uploadQueue] Retrying task bf0435399d9c7cb7df4e53e404b83901573ffeec88f562165f08e4df8c81d644
[debug] [2021-06-23T10:30:50.916Z] >>> [apiv2][query] POST https://upload-firebasehosting.googleapis.com/upload/sites/lele-press/versions/734678478704e328/files/bf0435399d9c7cb7df4e53e404b83901573ffeec88f562165f08e4df8c81d644 [none]
[debug] [2021-06-23T10:30:50.916Z] >>> [apiv2][body] POST https://upload-firebasehosting.googleapis.com/upload/sites/lele-press/versions/734678478704e328/files/bf0435399d9c7cb7df4e53e404b83901573ffeec88f562165f08e4df8c81d644 [stream]
[debug] [2021-06-23T10:30:50.917Z] [uploadQueue] Retrying task 094c06abc1d8034c450c7118dac666526f89685864bd89f71d7cdf4a484c799a
[debug] [2021-06-23T10:30:50.917Z] >>> [apiv2][query] POST https://upload-firebasehosting.googleapis.com/upload/sites/lele-press/versions/734678478704e328/files/094c06abc1d8034c450c7118dac666526f89685864bd89f71d7cdf4a484c799a [none]
[debug] [2021-06-23T10:30:50.917Z] >>> [apiv2][body] POST https://upload-firebasehosting.googleapis.com/upload/sites/lele-press/versions/734678478704e328/files/094c06abc1d8034c450c7118dac666526f89685864bd89f71d7cdf4a484c799a [stream]
[debug] [2021-06-23T10:30:50.918Z] [uploadQueue] Retrying task d60f9ccd28ce36ce00c0186256306dcbc1d63fdb7833d6be5439f6aa051275e3
[debug] [2021-06-23T10:30:50.918Z] >>> [apiv2][query] POST https://upload-firebasehosting.googleapis.com/upload/sites/lele-press/versions/734678478704e328/files/d60f9ccd28ce36ce00c0186256306dcbc1d63fdb7833d6be5439f6aa051275e3 [none]
[debug] [2021-06-23T10:30:50.918Z] >>> [apiv2][body] POST https://upload-firebasehosting.googleapis.com/upload/sites/lele-press/versions/734678478704e328/files/d60f9ccd28ce36ce00c0186256306dcbc1d63fdb7833d6be5439f6aa051275e3 [stream]
[debug] [2021-06-23T10:30:50.919Z] [uploadQueue] Retrying task 4b357b1ec6db356a4656d4caedd150e016eccafcb13e1cb1bfc8d22c86cf74c0
[debug] [2021-06-23T10:30:50.919Z] >>> [apiv2][query] POST https://upload-firebasehosting.googleapis.com/upload/sites/lele-press/versions/734678478704e328/files/4b357b1ec6db356a4656d4caedd150e016eccafcb13e1cb1bfc8d22c86cf74c0 [none]
[debug] [2021-06-23T10:30:50.919Z] >>> [apiv2][body] POST https://upload-firebasehosting.googleapis.com/upload/sites/lele-press/versions/734678478704e328/files/4b357b1ec6db356a4656d4caedd150e016eccafcb13e1cb1bfc8d22c86cf74c0 [stream]
[debug] [2021-06-23T10:30:50.919Z] [uploadQueue] Retrying task 92d79a5e77b66fb983e3ec537423d9535f2c23f4900e95cb04d2cf75cef61648
[debug] [2021-06-23T10:30:50.920Z] >>> [apiv2][query] POST https://upload-firebasehosting.googleapis.com/upload/sites/lele-press/versions/734678478704e328/files/92d79a5e77b66fb983e3ec537423d9535f2c23f4900e95cb04d2cf75cef61648 [none]
[debug] [2021-06-23T10:30:50.920Z] >>> [apiv2][body] POST https://upload-firebasehosting.googleapis.com/upload/sites/lele-press/versions/734678478704e328/files/92d79a5e77b66fb983e3ec537423d9535f2c23f4900e95cb04d2cf75cef61648 [stream]
[debug] [2021-06-23T10:30:50.922Z] [uploadQueue] Retrying task 969317b5b3c49f0f2d86378820f8d7186a6da07ba7b65784797c1bc207fdc056
[debug] [2021-06-23T10:30:50.922Z] >>> [apiv2][query] POST https://upload-firebasehosting.googleapis.com/upload/sites/lele-press/versions/734678478704e328/files/969317b5b3c49f0f2d86378820f8d7186a6da07ba7b65784797c1bc207fdc056 [none]
[debug] [2021-06-23T10:30:50.922Z] >>> [apiv2][body] POST https://upload-firebasehosting.googleapis.com/upload/sites/lele-press/versions/734678478704e328/files/969317b5b3c49f0f2d86378820f8d7186a6da07ba7b65784797c1bc207fdc056 [stream]
[debug] [2021-06-23T10:30:50.923Z] [uploadQueue] Retrying task 53a707f6bc7d339dafba134780b61f1b0c8f132f6d748d8c6ce18fa479f6ecfd
[debug] [2021-06-23T10:30:50.923Z] >>> [apiv2][query] POST https://upload-firebasehosting.googleapis.com/upload/sites/lele-press/versions/734678478704e328/files/53a707f6bc7d339dafba134780b61f1b0c8f132f6d748d8c6ce18fa479f6ecfd [none]
[debug] [2021-06-23T10:30:50.923Z] >>> [apiv2][body] POST https://upload-firebasehosting.googleapis.com/upload/sites/lele-press/versions/734678478704e328/files/53a707f6bc7d339dafba134780b61f1b0c8f132f6d748d8c6ce18fa479f6ecfd [stream]
[debug] [2021-06-23T10:30:50.923Z] [uploadQueue] Retrying task aed8d11429f7024302c54273a630631a2cbda235a8de28e8b86da51738122321
[debug] [2021-06-23T10:30:50.924Z] >>> [apiv2][query] POST https://upload-firebasehosting.googleapis.com/upload/sites/lele-press/versions/734678478704e328/files/aed8d11429f7024302c54273a630631a2cbda235a8de28e8b86da51738122321 [none]
[debug] [2021-06-23T10:30:50.924Z] >>> [apiv2][body] POST https://upload-firebasehosting.googleapis.com/upload/sites/lele-press/versions/734678478704e328/files/aed8d11429f7024302c54273a630631a2cbda235a8de28e8b86da51738122321 [stream]
[debug] [2021-06-23T10:30:50.924Z] [uploadQueue] Retrying task d767e2b8573c2ad6f6165025c3360de5a38035b6d90d18749fd626979fb7535c
[debug] [2021-06-23T10:30:50.924Z] >>> [apiv2][query] POST https://upload-firebasehosting.googleapis.com/upload/sites/lele-press/versions/734678478704e328/files/d767e2b8573c2ad6f6165025c3360de5a38035b6d90d18749fd626979fb7535c [none]
[debug] [2021-06-23T10:30:50.924Z] >>> [apiv2][body] POST https://upload-firebasehosting.googleapis.com/upload/sites/lele-press/versions/734678478704e328/files/d767e2b8573c2ad6f6165025c3360de5a38035b6d90d18749fd626979fb7535c [stream]
[debug] [2021-06-23T10:30:50.925Z] [uploadQueue] Retrying task bd1e89e1243a61bfc2343a42938996d53211e547127ad3e27307089e6129c595
[debug] [2021-06-23T10:30:50.925Z] >>> [apiv2][query] POST https://upload-firebasehosting.googleapis.com/upload/sites/lele-press/versions/734678478704e328/files/bd1e89e1243a61bfc2343a42938996d53211e547127ad3e27307089e6129c595 [none]
[debug] [2021-06-23T10:30:50.925Z] >>> [apiv2][body] POST https://upload-firebasehosting.googleapis.com/upload/sites/lele-press/versions/734678478704e328/files/bd1e89e1243a61bfc2343a42938996d53211e547127ad3e27307089e6129c595 [stream]
[debug] [2021-06-23T10:30:50.926Z] [uploadQueue] Retrying task 8532d6571775efb7a672fc976adc982b2275907f14276cf21d55168e55741bc0
[debug] [2021-06-23T10:30:50.926Z] >>> [apiv2][query] POST https://upload-firebasehosting.googleapis.com/upload/sites/lele-press/versions/734678478704e328/files/8532d6571775efb7a672fc976adc982b2275907f14276cf21d55168e55741bc0 [none]
[debug] [2021-06-23T10:30:50.926Z] >>> [apiv2][body] POST https://upload-firebasehosting.googleapis.com/upload/sites/lele-press/versions/734678478704e328/files/8532d6571775efb7a672fc976adc982b2275907f14276cf21d55168e55741bc0 [stream]
[debug] [2021-06-23T10:30:50.926Z] [uploadQueue] Retrying task 333dfad0e061de3de48919b9ad81d83988dff6cfaa0546b2323fd89be542e565
[debug] [2021-06-23T10:30:50.927Z] >>> [apiv2][query] POST https://upload-firebasehosting.googleapis.com/upload/sites/lele-press/versions/734678478704e328/files/333dfad0e061de3de48919b9ad81d83988dff6cfaa0546b2323fd89be542e565 [none]
[debug] [2021-06-23T10:30:50.927Z] >>> [apiv2][body] POST https://upload-firebasehosting.googleapis.com/upload/sites/lele-press/versions/734678478704e328/files/333dfad0e061de3de48919b9ad81d83988dff6cfaa0546b2323fd89be542e565 [stream]
[debug] [2021-06-23T10:30:50.927Z] [uploadQueue] Retrying task 6287194f6d2ab6913d62bcde0498c6e670b98035697c718e8560f2bcbbfa6863
[debug] [2021-06-23T10:30:50.927Z] >>> [apiv2][query] POST https://upload-firebasehosting.googleapis.com/upload/sites/lele-press/versions/734678478704e328/files/6287194f6d2ab6913d62bcde0498c6e670b98035697c718e8560f2bcbbfa6863 [none]
[debug] [2021-06-23T10:30:50.927Z] >>> [apiv2][body] POST https://upload-firebasehosting.googleapis.com/upload/sites/lele-press/versions/734678478704e328/files/6287194f6d2ab6913d62bcde0498c6e670b98035697c718e8560f2bcbbfa6863 [stream]
[debug] [2021-06-23T10:30:50.928Z] [uploadQueue] Retrying task 31f05199c0ea06a78302985eb0633128002d7b6b6eca33e152216cd299a7253d
[debug] [2021-06-23T10:30:50.928Z] >>> [apiv2][query] POST https://upload-firebasehosting.googleapis.com/upload/sites/lele-press/versions/734678478704e328/files/31f05199c0ea06a78302985eb0633128002d7b6b6eca33e152216cd299a7253d [none]
[debug] [2021-06-23T10:30:50.928Z] >>> [apiv2][body] POST https://upload-firebasehosting.googleapis.com/upload/sites/lele-press/versions/734678478704e328/files/31f05199c0ea06a78302985eb0633128002d7b6b6eca33e152216cd299a7253d [stream]
[debug] [2021-06-23T10:30:50.929Z] [uploadQueue] Retrying task e15aedb6789a7a4caa1dd892fbe6c46cd7121f8845bdc93aafe803def1068f94
[debug] [2021-06-23T10:30:50.929Z] >>> [apiv2][query] POST https://upload-firebasehosting.googleapis.com/upload/sites/lele-press/versions/734678478704e328/files/e15aedb6789a7a4caa1dd892fbe6c46cd7121f8845bdc93aafe803def1068f94 [none]
[debug] [2021-06-23T10:30:50.929Z] >>> [apiv2][body] POST https://upload-firebasehosting.googleapis.com/upload/sites/lele-press/versions/734678478704e328/files/e15aedb6789a7a4caa1dd892fbe6c46cd7121f8845bdc93aafe803def1068f94 [stream]
[debug] [2021-06-23T10:30:50.929Z] [uploadQueue] Retrying task 45469c3a87b913156b0946165dcb4ecdf5d96f8ea3a6293fca9b936612bb8cfa
[debug] [2021-06-23T10:30:50.930Z] >>> [apiv2][query] POST https://upload-firebasehosting.googleapis.com/upload/sites/lele-press/versions/734678478704e328/files/45469c3a87b913156b0946165dcb4ecdf5d96f8ea3a6293fca9b936612bb8cfa [none]
[debug] [2021-06-23T10:30:50.930Z] >>> [apiv2][body] POST https://upload-firebasehosting.googleapis.com/upload/sites/lele-press/versions/734678478704e328/files/45469c3a87b913156b0946165dcb4ecdf5d96f8ea3a6293fca9b936612bb8cfa [stream]
[debug] [2021-06-23T10:30:50.935Z] [uploadQueue] Retrying task cccd0e481af70b528821f116cc02904c4af2890906473c2026e511669e20ef95
[debug] [2021-06-23T10:30:50.935Z] >>> [apiv2][query] POST https://upload-firebasehosting.googleapis.com/upload/sites/lele-press/versions/734678478704e328/files/cccd0e481af70b528821f116cc02904c4af2890906473c2026e511669e20ef95 [none]
[debug] [2021-06-23T10:30:50.935Z] >>> [apiv2][body] POST https://upload-firebasehosting.googleapis.com/upload/sites/lele-press/versions/734678478704e328/files/cccd0e481af70b528821f116cc02904c4af2890906473c2026e511669e20ef95 [stream]
[debug] [2021-06-23T10:30:50.936Z] [uploadQueue] Retrying task 56b8fa5deff4369c49cb59750a1c84ce18e00f13cdbd7d9fc85608e6632ea097
[debug] [2021-06-23T10:30:50.936Z] >>> [apiv2][query] POST https://upload-firebasehosting.googleapis.com/upload/sites/lele-press/versions/734678478704e328/files/56b8fa5deff4369c49cb59750a1c84ce18e00f13cdbd7d9fc85608e6632ea097 [none]
[debug] [2021-06-23T10:30:50.936Z] >>> [apiv2][body] POST https://upload-firebasehosting.googleapis.com/upload/sites/lele-press/versions/734678478704e328/files/56b8fa5deff4369c49cb59750a1c84ce18e00f13cdbd7d9fc85608e6632ea097 [stream]
[debug] [2021-06-23T10:30:50.937Z] [uploadQueue] Retrying task 71bb95af5e66cceddded8d664247a18d46b6278fc4854d848b29cdd3b095bbf4
[debug] [2021-06-23T10:30:50.937Z] >>> [apiv2][query] POST https://upload-firebasehosting.googleapis.com/upload/sites/lele-press/versions/734678478704e328/files/71bb95af5e66cceddded8d664247a18d46b6278fc4854d848b29cdd3b095bbf4 [none]
[debug] [2021-06-23T10:30:50.937Z] >>> [apiv2][body] POST https://upload-firebasehosting.googleapis.com/upload/sites/lele-press/versions/734678478704e328/files/71bb95af5e66cceddded8d664247a18d46b6278fc4854d848b29cdd3b095bbf4 [stream]
[debug] [2021-06-23T10:30:50.938Z] [uploadQueue] Retrying task 125fc0a85f60b11e8cbae543a5d4d207769dbf8b75d1cdec02d3c3c072c2110e
[debug] [2021-06-23T10:30:50.938Z] >>> [apiv2][query] POST https://upload-firebasehosting.googleapis.com/upload/sites/lele-press/versions/734678478704e328/files/125fc0a85f60b11e8cbae543a5d4d207769dbf8b75d1cdec02d3c3c072c2110e [none]
[debug] [2021-06-23T10:30:50.938Z] >>> [apiv2][body] POST https://upload-firebasehosting.googleapis.com/upload/sites/lele-press/versions/734678478704e328/files/125fc0a85f60b11e8cbae543a5d4d207769dbf8b75d1cdec02d3c3c072c2110e [stream]
[debug] [2021-06-23T10:30:50.938Z] [uploadQueue] Retrying task 430ca8ab62b6d2ec4c1245de0d159b9cae107af5c7de5c8b757e1b8d1580d82d
[debug] [2021-06-23T10:30:50.939Z] >>> [apiv2][query] POST https://upload-firebasehosting.googleapis.com/upload/sites/lele-press/versions/734678478704e328/files/430ca8ab62b6d2ec4c1245de0d159b9cae107af5c7de5c8b757e1b8d1580d82d [none]
[debug] [2021-06-23T10:30:50.939Z] >>> [apiv2][body] POST https://upload-firebasehosting.googleapis.com/upload/sites/lele-press/versions/734678478704e328/files/430ca8ab62b6d2ec4c1245de0d159b9cae107af5c7de5c8b757e1b8d1580d82d [stream]
[debug] [2021-06-23T10:30:50.939Z] [uploadQueue] Retrying task 3fe1ed506a52ff0af96a8b87fb3af93d7513a0b7cf95086982cc521518dc51cb
[debug] [2021-06-23T10:30:50.939Z] >>> [apiv2][query] POST https://upload-firebasehosting.googleapis.com/upload/sites/lele-press/versions/734678478704e328/files/3fe1ed506a52ff0af96a8b87fb3af93d7513a0b7cf95086982cc521518dc51cb [none]
[debug] [2021-06-23T10:30:50.939Z] >>> [apiv2][body] POST https://upload-firebasehosting.googleapis.com/upload/sites/lele-press/versions/734678478704e328/files/3fe1ed506a52ff0af96a8b87fb3af93d7513a0b7cf95086982cc521518dc51cb [stream]
[debug] [2021-06-23T10:30:50.940Z] [uploadQueue] Retrying task 87b38f85391d42d5b96135be613d025edce553c4aee209fe241add6ea9bfe46e
[debug] [2021-06-23T10:30:50.940Z] >>> [apiv2][query] POST https://upload-firebasehosting.googleapis.com/upload/sites/lele-press/versions/734678478704e328/files/87b38f85391d42d5b96135be613d025edce553c4aee209fe241add6ea9bfe46e [none]
[debug] [2021-06-23T10:30:50.940Z] >>> [apiv2][body] POST https://upload-firebasehosting.googleapis.com/upload/sites/lele-press/versions/734678478704e328/files/87b38f85391d42d5b96135be613d025edce553c4aee209fe241add6ea9bfe46e [stream]
[debug] [2021-06-23T10:30:50.941Z] [uploadQueue] Retrying task 2130ac67025910cb977a2a2e3764c091f13e2f6701455dfeac06151f988cdca6
[debug] [2021-06-23T10:30:50.941Z] >>> [apiv2][query] POST https://upload-firebasehosting.googleapis.com/upload/sites/lele-press/versions/734678478704e328/files/2130ac67025910cb977a2a2e3764c091f13e2f6701455dfeac06151f988cdca6 [none]
[debug] [2021-06-23T10:30:50.941Z] >>> [apiv2][body] POST https://upload-firebasehosting.googleapis.com/upload/sites/lele-press/versions/734678478704e328/files/2130ac67025910cb977a2a2e3764c091f13e2f6701455dfeac06151f988cdca6 [stream]
[debug] [2021-06-23T10:30:50.941Z] [uploadQueue] Retrying task 0c49a521c5019565ee7be80e005c5dedd4af4ac53053fdcca444820a7e9531e0
[debug] [2021-06-23T10:30:50.942Z] >>> [apiv2][query] POST https://upload-firebasehosting.googleapis.com/upload/sites/lele-press/versions/734678478704e328/files/0c49a521c5019565ee7be80e005c5dedd4af4ac53053fdcca444820a7e9531e0 [none]
[debug] [2021-06-23T10:30:50.942Z] >>> [apiv2][body] POST https://upload-firebasehosting.googleapis.com/upload/sites/lele-press/versions/734678478704e328/files/0c49a521c5019565ee7be80e005c5dedd4af4ac53053fdcca444820a7e9531e0 [stream]
[debug] [2021-06-23T10:30:50.942Z] [uploadQueue] Retrying task 4df957b85ca5d28f7f7c58841410896edf2be483783a3717eb3c1378e3da48a6
[debug] [2021-06-23T10:30:50.942Z] >>> [apiv2][query] POST https://upload-firebasehosting.googleapis.com/upload/sites/lele-press/versions/734678478704e328/files/4df957b85ca5d28f7f7c58841410896edf2be483783a3717eb3c1378e3da48a6 [none]
[debug] [2021-06-23T10:30:50.942Z] >>> [apiv2][body] POST https://upload-firebasehosting.googleapis.com/upload/sites/lele-press/versions/734678478704e328/files/4df957b85ca5d28f7f7c58841410896edf2be483783a3717eb3c1378e3da48a6 [stream]
[debug] [2021-06-23T10:30:50.943Z] [uploadQueue] Retrying task 3e0526e1560cb9b478a078c8b227429509bc570e7353fa23688e6152dae9298f
[debug] [2021-06-23T10:30:50.943Z] >>> [apiv2][query] POST https://upload-firebasehosting.googleapis.com/upload/sites/lele-press/versions/734678478704e328/files/3e0526e1560cb9b478a078c8b227429509bc570e7353fa23688e6152dae9298f [none]
[debug] [2021-06-23T10:30:50.944Z] >>> [apiv2][body] POST https://upload-firebasehosting.googleapis.com/upload/sites/lele-press/versions/734678478704e328/files/3e0526e1560cb9b478a078c8b227429509bc570e7353fa23688e6152dae9298f [stream]
[debug] [2021-06-23T10:30:50.945Z] [uploadQueue] Retrying task a2664831a60ed0328490739aa395ebf1e9b8db306b2ee3ef055b1f4b7f06012e
[debug] [2021-06-23T10:30:50.945Z] >>> [apiv2][query] POST https://upload-firebasehosting.googleapis.com/upload/sites/lele-press/versions/734678478704e328/files/a2664831a60ed0328490739aa395ebf1e9b8db306b2ee3ef055b1f4b7f06012e [none]
[debug] [2021-06-23T10:30:50.945Z] >>> [apiv2][body] POST https://upload-firebasehosting.googleapis.com/upload/sites/lele-press/versions/734678478704e328/files/a2664831a60ed0328490739aa395ebf1e9b8db306b2ee3ef055b1f4b7f06012e [stream]
[debug] [2021-06-23T10:30:51.880Z] [uploadQueue] Retrying task bad3804f39f932158bbf99d419c3fb7d0c21153fb69a09e30d8cf2737a5643f2
[debug] [2021-06-23T10:30:51.881Z] >>> [apiv2][query] POST https://upload-firebasehosting.googleapis.com/upload/sites/lele-press/versions/734678478704e328/files/bad3804f39f932158bbf99d419c3fb7d0c21153fb69a09e30d8cf2737a5643f2 [none]
[debug] [2021-06-23T10:30:51.881Z] >>> [apiv2][body] POST https://upload-firebasehosting.googleapis.com/upload/sites/lele-press/versions/734678478704e328/files/bad3804f39f932158bbf99d419c3fb7d0c21153fb69a09e30d8cf2737a5643f2 [stream]
[debug] [2021-06-23T10:30:54.565Z] [uploadQueue] Retrying task 58da793c708e310cbae8c33cf911667b6e3479ee63647e98dc1aa8993e4f4a35
[debug] [2021-06-23T10:30:54.566Z] >>> [apiv2][query] POST https://upload-firebasehosting.googleapis.com/upload/sites/lele-press/versions/734678478704e328/files/58da793c708e310cbae8c33cf911667b6e3479ee63647e98dc1aa8993e4f4a35 [none]
[debug] [2021-06-23T10:30:54.566Z] >>> [apiv2][body] POST https://upload-firebasehosting.googleapis.com/upload/sites/lele-press/versions/734678478704e328/files/58da793c708e310cbae8c33cf911667b6e3479ee63647e98dc1aa8993e4f4a35 [stream]
[debug] [2021-06-23T10:30:58.995Z] [uploadQueue] Retrying task 9c4097e269ecef078db5919d7f55edaf3490bfcebb09178ae61e08eae3402ff8
[debug] [2021-06-23T10:30:58.995Z] >>> [apiv2][query] POST https://upload-firebasehosting.googleapis.com/upload/sites/lele-press/versions/734678478704e328/files/9c4097e269ecef078db5919d7f55edaf3490bfcebb09178ae61e08eae3402ff8 [none]
[debug] [2021-06-23T10:30:58.995Z] >>> [apiv2][body] POST https://upload-firebasehosting.googleapis.com/upload/sites/lele-press/versions/734678478704e328/files/9c4097e269ecef078db5919d7f55edaf3490bfcebb09178ae61e08eae3402ff8 [stream]
[debug] [2021-06-23T10:31:02.567Z] [uploadQueue] Retrying task cdd06e3bf0156bea7eb3ac34569687229259e790804254fce6e76e6600272ff9
[debug] [2021-06-23T10:31:02.567Z] >>> [apiv2][query] POST https://upload-firebasehosting.googleapis.com/upload/sites/lele-press/versions/734678478704e328/files/cdd06e3bf0156bea7eb3ac34569687229259e790804254fce6e76e6600272ff9 [none]
[debug] [2021-06-23T10:31:02.567Z] >>> [apiv2][body] POST https://upload-firebasehosting.googleapis.com/upload/sites/lele-press/versions/734678478704e328/files/cdd06e3bf0156bea7eb3ac34569687229259e790804254fce6e76e6600272ff9 [stream]
[debug] [2021-06-23T10:31:02.935Z] [uploadQueue] Retrying task 2f024419745dcf66497bd01e6181d3ec7f92542cba21980cda5ad11aa00aa99d
[debug] [2021-06-23T10:31:02.935Z] >>> [apiv2][query] POST https://upload-firebasehosting.googleapis.com/upload/sites/lele-press/versions/734678478704e328/files/2f024419745dcf66497bd01e6181d3ec7f92542cba21980cda5ad11aa00aa99d [none]
[debug] [2021-06-23T10:31:02.935Z] >>> [apiv2][body] POST https://upload-firebasehosting.googleapis.com/upload/sites/lele-press/versions/734678478704e328/files/2f024419745dcf66497bd01e6181d3ec7f92542cba21980cda5ad11aa00aa99d [stream]
[debug] [2021-06-23T10:31:03.756Z] [uploadQueue] Retrying task 71bb95af5e66cceddded8d664247a18d46b6278fc4854d848b29cdd3b095bbf4
[debug] [2021-06-23T10:31:03.757Z] >>> [apiv2][query] POST https://upload-firebasehosting.googleapis.com/upload/sites/lele-press/versions/734678478704e328/files/71bb95af5e66cceddded8d664247a18d46b6278fc4854d848b29cdd3b095bbf4 [none]
[debug] [2021-06-23T10:31:03.757Z] >>> [apiv2][body] POST https://upload-firebasehosting.googleapis.com/upload/sites/lele-press/versions/734678478704e328/files/71bb95af5e66cceddded8d664247a18d46b6278fc4854d848b29cdd3b095bbf4 [stream]
[debug] [2021-06-23T10:31:03.979Z] [uploadQueue] Retrying task d15663c475dfba3e0bee28d9a80504dcf4cea37a828c6b961578896f6b98a536
[debug] [2021-06-23T10:31:03.980Z] >>> [apiv2][query] POST https://upload-firebasehosting.googleapis.com/upload/sites/lele-press/versions/734678478704e328/files/d15663c475dfba3e0bee28d9a80504dcf4cea37a828c6b961578896f6b98a536 [none]
[debug] [2021-06-23T10:31:03.980Z] >>> [apiv2][body] POST https://upload-firebasehosting.googleapis.com/upload/sites/lele-press/versions/734678478704e328/files/d15663c475dfba3e0bee28d9a80504dcf4cea37a828c6b961578896f6b98a536 [stream]
[debug] [2021-06-23T10:31:05.005Z] [uploadQueue] Retrying task a5e884a1e35ae22da51508a3c0077a86bbedaa3da8a19fa00a1d8fc593e3fd6a
[debug] [2021-06-23T10:31:05.006Z] >>> [apiv2][query] POST https://upload-firebasehosting.googleapis.com/upload/sites/lele-press/versions/734678478704e328/files/a5e884a1e35ae22da51508a3c0077a86bbedaa3da8a19fa00a1d8fc593e3fd6a [none]
[debug] [2021-06-23T10:31:05.006Z] >>> [apiv2][body] POST https://upload-firebasehosting.googleapis.com/upload/sites/lele-press/versions/734678478704e328/files/a5e884a1e35ae22da51508a3c0077a86bbedaa3da8a19fa00a1d8fc593e3fd6a [stream]
[debug] [2021-06-23T10:31:06.447Z] [uploadQueue] Retrying task c55841b3c4dff71b377426b788a2d305b911cf2e774c84cde8b17ebc4e2a80f3
[debug] [2021-06-23T10:31:06.448Z] >>> [apiv2][query] POST https://upload-firebasehosting.googleapis.com/upload/sites/lele-press/versions/734678478704e328/files/c55841b3c4dff71b377426b788a2d305b911cf2e774c84cde8b17ebc4e2a80f3 [none]
[debug] [2021-06-23T10:31:06.448Z] >>> [apiv2][body] POST https://upload-firebasehosting.googleapis.com/upload/sites/lele-press/versions/734678478704e328/files/c55841b3c4dff71b377426b788a2d305b911cf2e774c84cde8b17ebc4e2a80f3 [stream]
[debug] [2021-06-23T10:31:08.297Z] [uploadQueue] Retrying task 1fca43e08a5730ca0ddacc625df0fae857d73c5c0386d10184ae46e7337b707e
[debug] [2021-06-23T10:31:08.298Z] >>> [apiv2][query] POST https://upload-firebasehosting.googleapis.com/upload/sites/lele-press/versions/734678478704e328/files/1fca43e08a5730ca0ddacc625df0fae857d73c5c0386d10184ae46e7337b707e [none]
[debug] [2021-06-23T10:31:08.298Z] >>> [apiv2][body] POST https://upload-firebasehosting.googleapis.com/upload/sites/lele-press/versions/734678478704e328/files/1fca43e08a5730ca0ddacc625df0fae857d73c5c0386d10184ae46e7337b707e [stream]
[debug] [2021-06-23T10:31:08.577Z] [uploadQueue] Retrying task b02179091e77138f4ea65f605ebac18b320c439bde136af1b9ddd93d86c00110
[debug] [2021-06-23T10:31:08.578Z] >>> [apiv2][query] POST https://upload-firebasehosting.googleapis.com/upload/sites/lele-press/versions/734678478704e328/files/b02179091e77138f4ea65f605ebac18b320c439bde136af1b9ddd93d86c00110 [none]
[debug] [2021-06-23T10:31:08.578Z] >>> [apiv2][body] POST https://upload-firebasehosting.googleapis.com/upload/sites/lele-press/versions/734678478704e328/files/b02179091e77138f4ea65f605ebac18b320c439bde136af1b9ddd93d86c00110 [stream]
[debug] [2021-06-23T10:31:21.734Z] [uploadQueue] Retrying task 590cbac32e5eaf9893f069c84670aa921fe033b7ca8a89db2ac894e54c196227
[debug] [2021-06-23T10:31:21.735Z] >>> [apiv2][query] POST https://upload-firebasehosting.googleapis.com/upload/sites/lele-press/versions/734678478704e328/files/590cbac32e5eaf9893f069c84670aa921fe033b7ca8a89db2ac894e54c196227 [none]
[debug] [2021-06-23T10:31:21.735Z] >>> [apiv2][body] POST https://upload-firebasehosting.googleapis.com/upload/sites/lele-press/versions/734678478704e328/files/590cbac32e5eaf9893f069c84670aa921fe033b7ca8a89db2ac894e54c196227 [stream]
[debug] [2021-06-23T10:31:21.735Z] [uploadQueue] Retrying task bf0435399d9c7cb7df4e53e404b83901573ffeec88f562165f08e4df8c81d644
[debug] [2021-06-23T10:31:21.736Z] >>> [apiv2][query] POST https://upload-firebasehosting.googleapis.com/upload/sites/lele-press/versions/734678478704e328/files/bf0435399d9c7cb7df4e53e404b83901573ffeec88f562165f08e4df8c81d644 [none]
[debug] [2021-06-23T10:31:21.736Z] >>> [apiv2][body] POST https://upload-firebasehosting.googleapis.com/upload/sites/lele-press/versions/734678478704e328/files/bf0435399d9c7cb7df4e53e404b83901573ffeec88f562165f08e4df8c81d644 [stream]
[debug] [2021-06-23T10:31:21.736Z] [uploadQueue] Retrying task 094c06abc1d8034c450c7118dac666526f89685864bd89f71d7cdf4a484c799a
[debug] [2021-06-23T10:31:21.736Z] >>> [apiv2][query] POST https://upload-firebasehosting.googleapis.com/upload/sites/lele-press/versions/734678478704e328/files/094c06abc1d8034c450c7118dac666526f89685864bd89f71d7cdf4a484c799a [none]
[debug] [2021-06-23T10:31:21.737Z] >>> [apiv2][body] POST https://upload-firebasehosting.googleapis.com/upload/sites/lele-press/versions/734678478704e328/files/094c06abc1d8034c450c7118dac666526f89685864bd89f71d7cdf4a484c799a [stream]
[debug] [2021-06-23T10:31:21.737Z] [uploadQueue] Retrying task d60f9ccd28ce36ce00c0186256306dcbc1d63fdb7833d6be5439f6aa051275e3
[debug] [2021-06-23T10:31:21.737Z] >>> [apiv2][query] POST https://upload-firebasehosting.googleapis.com/upload/sites/lele-press/versions/734678478704e328/files/d60f9ccd28ce36ce00c0186256306dcbc1d63fdb7833d6be5439f6aa051275e3 [none]
[debug] [2021-06-23T10:31:21.737Z] >>> [apiv2][body] POST https://upload-firebasehosting.googleapis.com/upload/sites/lele-press/versions/734678478704e328/files/d60f9ccd28ce36ce00c0186256306dcbc1d63fdb7833d6be5439f6aa051275e3 [stream]
[debug] [2021-06-23T10:31:21.738Z] [uploadQueue] Retrying task 4b357b1ec6db356a4656d4caedd150e016eccafcb13e1cb1bfc8d22c86cf74c0
[debug] [2021-06-23T10:31:21.738Z] >>> [apiv2][query] POST https://upload-firebasehosting.googleapis.com/upload/sites/lele-press/versions/734678478704e328/files/4b357b1ec6db356a4656d4caedd150e016eccafcb13e1cb1bfc8d22c86cf74c0 [none]
[debug] [2021-06-23T10:31:21.738Z] >>> [apiv2][body] POST https://upload-firebasehosting.googleapis.com/upload/sites/lele-press/versions/734678478704e328/files/4b357b1ec6db356a4656d4caedd150e016eccafcb13e1cb1bfc8d22c86cf74c0 [stream]
[debug] [2021-06-23T10:31:21.739Z] [uploadQueue] Retrying task 92d79a5e77b66fb983e3ec537423d9535f2c23f4900e95cb04d2cf75cef61648
[debug] [2021-06-23T10:31:21.739Z] >>> [apiv2][query] POST https://upload-firebasehosting.googleapis.com/upload/sites/lele-press/versions/734678478704e328/files/92d79a5e77b66fb983e3ec537423d9535f2c23f4900e95cb04d2cf75cef61648 [none]
[debug] [2021-06-23T10:31:21.739Z] >>> [apiv2][body] POST https://upload-firebasehosting.googleapis.com/upload/sites/lele-press/versions/734678478704e328/files/92d79a5e77b66fb983e3ec537423d9535f2c23f4900e95cb04d2cf75cef61648 [stream]
[debug] [2021-06-23T10:31:21.740Z] [uploadQueue] Retrying task 969317b5b3c49f0f2d86378820f8d7186a6da07ba7b65784797c1bc207fdc056
[debug] [2021-06-23T10:31:21.740Z] >>> [apiv2][query] POST https://upload-firebasehosting.googleapis.com/upload/sites/lele-press/versions/734678478704e328/files/969317b5b3c49f0f2d86378820f8d7186a6da07ba7b65784797c1bc207fdc056 [none]
[debug] [2021-06-23T10:31:21.740Z] >>> [apiv2][body] POST https://upload-firebasehosting.googleapis.com/upload/sites/lele-press/versions/734678478704e328/files/969317b5b3c49f0f2d86378820f8d7186a6da07ba7b65784797c1bc207fdc056 [stream]
[debug] [2021-06-23T10:31:21.740Z] [uploadQueue] Retrying task 53a707f6bc7d339dafba134780b61f1b0c8f132f6d748d8c6ce18fa479f6ecfd
[debug] [2021-06-23T10:31:21.741Z] >>> [apiv2][query] POST https://upload-firebasehosting.googleapis.com/upload/sites/lele-press/versions/734678478704e328/files/53a707f6bc7d339dafba134780b61f1b0c8f132f6d748d8c6ce18fa479f6ecfd [none]
[debug] [2021-06-23T10:31:21.741Z] >>> [apiv2][body] POST https://upload-firebasehosting.googleapis.com/upload/sites/lele-press/versions/734678478704e328/files/53a707f6bc7d339dafba134780b61f1b0c8f132f6d748d8c6ce18fa479f6ecfd [stream]
[debug] [2021-06-23T10:31:21.741Z] [uploadQueue] Retrying task aed8d11429f7024302c54273a630631a2cbda235a8de28e8b86da51738122321
[debug] [2021-06-23T10:31:21.742Z] >>> [apiv2][query] POST https://upload-firebasehosting.googleapis.com/upload/sites/lele-press/versions/734678478704e328/files/aed8d11429f7024302c54273a630631a2cbda235a8de28e8b86da51738122321 [none]
[debug] [2021-06-23T10:31:21.742Z] >>> [apiv2][body] POST https://upload-firebasehosting.googleapis.com/upload/sites/lele-press/versions/734678478704e328/files/aed8d11429f7024302c54273a630631a2cbda235a8de28e8b86da51738122321 [stream]
[debug] [2021-06-23T10:31:21.742Z] [uploadQueue] Retrying task d767e2b8573c2ad6f6165025c3360de5a38035b6d90d18749fd626979fb7535c
[debug] [2021-06-23T10:31:21.743Z] >>> [apiv2][query] POST https://upload-firebasehosting.googleapis.com/upload/sites/lele-press/versions/734678478704e328/files/d767e2b8573c2ad6f6165025c3360de5a38035b6d90d18749fd626979fb7535c [none]
[debug] [2021-06-23T10:31:21.743Z] >>> [apiv2][body] POST https://upload-firebasehosting.googleapis.com/upload/sites/lele-press/versions/734678478704e328/files/d767e2b8573c2ad6f6165025c3360de5a38035b6d90d18749fd626979fb7535c [stream]
[debug] [2021-06-23T10:31:21.743Z] [uploadQueue] Retrying task bd1e89e1243a61bfc2343a42938996d53211e547127ad3e27307089e6129c595
[debug] [2021-06-23T10:31:21.743Z] >>> [apiv2][query] POST https://upload-firebasehosting.googleapis.com/upload/sites/lele-press/versions/734678478704e328/files/bd1e89e1243a61bfc2343a42938996d53211e547127ad3e27307089e6129c595 [none]
[debug] [2021-06-23T10:31:21.744Z] >>> [apiv2][body] POST https://upload-firebasehosting.googleapis.com/upload/sites/lele-press/versions/734678478704e328/files/bd1e89e1243a61bfc2343a42938996d53211e547127ad3e27307089e6129c595 [stream]
[debug] [2021-06-23T10:31:21.744Z] [uploadQueue] Retrying task 8532d6571775efb7a672fc976adc982b2275907f14276cf21d55168e55741bc0
[debug] [2021-06-23T10:31:21.744Z] >>> [apiv2][query] POST https://upload-firebasehosting.googleapis.com/upload/sites/lele-press/versions/734678478704e328/files/8532d6571775efb7a672fc976adc982b2275907f14276cf21d55168e55741bc0 [none]
[debug] [2021-06-23T10:31:21.744Z] >>> [apiv2][body] POST https://upload-firebasehosting.googleapis.com/upload/sites/lele-press/versions/734678478704e328/files/8532d6571775efb7a672fc976adc982b2275907f14276cf21d55168e55741bc0 [stream]
[debug] [2021-06-23T10:31:21.745Z] [uploadQueue] Retrying task 333dfad0e061de3de48919b9ad81d83988dff6cfaa0546b2323fd89be542e565
[debug] [2021-06-23T10:31:21.745Z] >>> [apiv2][query] POST https://upload-firebasehosting.googleapis.com/upload/sites/lele-press/versions/734678478704e328/files/333dfad0e061de3de48919b9ad81d83988dff6cfaa0546b2323fd89be542e565 [none]
[debug] [2021-06-23T10:31:21.745Z] >>> [apiv2][body] POST https://upload-firebasehosting.googleapis.com/upload/sites/lele-press/versions/734678478704e328/files/333dfad0e061de3de48919b9ad81d83988dff6cfaa0546b2323fd89be542e565 [stream]
[debug] [2021-06-23T10:31:21.747Z] [uploadQueue] Retrying task 6287194f6d2ab6913d62bcde0498c6e670b98035697c718e8560f2bcbbfa6863
[debug] [2021-06-23T10:31:21.747Z] >>> [apiv2][query] POST https://upload-firebasehosting.googleapis.com/upload/sites/lele-press/versions/734678478704e328/files/6287194f6d2ab6913d62bcde0498c6e670b98035697c718e8560f2bcbbfa6863 [none]
[debug] [2021-06-23T10:31:21.747Z] >>> [apiv2][body] POST https://upload-firebasehosting.googleapis.com/upload/sites/lele-press/versions/734678478704e328/files/6287194f6d2ab6913d62bcde0498c6e670b98035697c718e8560f2bcbbfa6863 [stream]
[debug] [2021-06-23T10:31:21.752Z] [uploadQueue] Retrying task 31f05199c0ea06a78302985eb0633128002d7b6b6eca33e152216cd299a7253d
[debug] [2021-06-23T10:31:21.752Z] >>> [apiv2][query] POST https://upload-firebasehosting.googleapis.com/upload/sites/lele-press/versions/734678478704e328/files/31f05199c0ea06a78302985eb0633128002d7b6b6eca33e152216cd299a7253d [none]
[debug] [2021-06-23T10:31:21.752Z] >>> [apiv2][body] POST https://upload-firebasehosting.googleapis.com/upload/sites/lele-press/versions/734678478704e328/files/31f05199c0ea06a78302985eb0633128002d7b6b6eca33e152216cd299a7253d [stream]
[debug] [2021-06-23T10:31:21.753Z] [uploadQueue] Retrying task e15aedb6789a7a4caa1dd892fbe6c46cd7121f8845bdc93aafe803def1068f94
[debug] [2021-06-23T10:31:21.753Z] >>> [apiv2][query] POST https://upload-firebasehosting.googleapis.com/upload/sites/lele-press/versions/734678478704e328/files/e15aedb6789a7a4caa1dd892fbe6c46cd7121f8845bdc93aafe803def1068f94 [none]
[debug] [2021-06-23T10:31:21.753Z] >>> [apiv2][body] POST https://upload-firebasehosting.googleapis.com/upload/sites/lele-press/versions/734678478704e328/files/e15aedb6789a7a4caa1dd892fbe6c46cd7121f8845bdc93aafe803def1068f94 [stream]
[debug] [2021-06-23T10:31:21.754Z] [uploadQueue] Retrying task 45469c3a87b913156b0946165dcb4ecdf5d96f8ea3a6293fca9b936612bb8cfa
[debug] [2021-06-23T10:31:21.754Z] >>> [apiv2][query] POST https://upload-firebasehosting.googleapis.com/upload/sites/lele-press/versions/734678478704e328/files/45469c3a87b913156b0946165dcb4ecdf5d96f8ea3a6293fca9b936612bb8cfa [none]
[debug] [2021-06-23T10:31:21.754Z] >>> [apiv2][body] POST https://upload-firebasehosting.googleapis.com/upload/sites/lele-press/versions/734678478704e328/files/45469c3a87b913156b0946165dcb4ecdf5d96f8ea3a6293fca9b936612bb8cfa [stream]
[debug] [2021-06-23T10:31:21.755Z] [uploadQueue] Retrying task cccd0e481af70b528821f116cc02904c4af2890906473c2026e511669e20ef95
[debug] [2021-06-23T10:31:21.756Z] >>> [apiv2][query] POST https://upload-firebasehosting.googleapis.com/upload/sites/lele-press/versions/734678478704e328/files/cccd0e481af70b528821f116cc02904c4af2890906473c2026e511669e20ef95 [none]
[debug] [2021-06-23T10:31:21.756Z] >>> [apiv2][body] POST https://upload-firebasehosting.googleapis.com/upload/sites/lele-press/versions/734678478704e328/files/cccd0e481af70b528821f116cc02904c4af2890906473c2026e511669e20ef95 [stream]
[debug] [2021-06-23T10:31:21.756Z] [uploadQueue] Retrying task 56b8fa5deff4369c49cb59750a1c84ce18e00f13cdbd7d9fc85608e6632ea097
[debug] [2021-06-23T10:31:21.756Z] >>> [apiv2][query] POST https://upload-firebasehosting.googleapis.com/upload/sites/lele-press/versions/734678478704e328/files/56b8fa5deff4369c49cb59750a1c84ce18e00f13cdbd7d9fc85608e6632ea097 [none]
[debug] [2021-06-23T10:31:21.756Z] >>> [apiv2][body] POST https://upload-firebasehosting.googleapis.com/upload/sites/lele-press/versions/734678478704e328/files/56b8fa5deff4369c49cb59750a1c84ce18e00f13cdbd7d9fc85608e6632ea097 [stream]
[debug] [2021-06-23T10:31:21.757Z] [uploadQueue] Retrying task 125fc0a85f60b11e8cbae543a5d4d207769dbf8b75d1cdec02d3c3c072c2110e
[debug] [2021-06-23T10:31:21.757Z] >>> [apiv2][query] POST https://upload-firebasehosting.googleapis.com/upload/sites/lele-press/versions/734678478704e328/files/125fc0a85f60b11e8cbae543a5d4d207769dbf8b75d1cdec02d3c3c072c2110e [none]
[debug] [2021-06-23T10:31:21.757Z] >>> [apiv2][body] POST https://upload-firebasehosting.googleapis.com/upload/sites/lele-press/versions/734678478704e328/files/125fc0a85f60b11e8cbae543a5d4d207769dbf8b75d1cdec02d3c3c072c2110e [stream]
[debug] [2021-06-23T10:31:21.758Z] [uploadQueue] Retrying task 430ca8ab62b6d2ec4c1245de0d159b9cae107af5c7de5c8b757e1b8d1580d82d
[debug] [2021-06-23T10:31:21.759Z] >>> [apiv2][query] POST https://upload-firebasehosting.googleapis.com/upload/sites/lele-press/versions/734678478704e328/files/430ca8ab62b6d2ec4c1245de0d159b9cae107af5c7de5c8b757e1b8d1580d82d [none]
[debug] [2021-06-23T10:31:21.759Z] >>> [apiv2][body] POST https://upload-firebasehosting.googleapis.com/upload/sites/lele-press/versions/734678478704e328/files/430ca8ab62b6d2ec4c1245de0d159b9cae107af5c7de5c8b757e1b8d1580d82d [stream]
[debug] [2021-06-23T10:31:21.759Z] [uploadQueue] Retrying task 3fe1ed506a52ff0af96a8b87fb3af93d7513a0b7cf95086982cc521518dc51cb
[debug] [2021-06-23T10:31:21.760Z] >>> [apiv2][query] POST https://upload-firebasehosting.googleapis.com/upload/sites/lele-press/versions/734678478704e328/files/3fe1ed506a52ff0af96a8b87fb3af93d7513a0b7cf95086982cc521518dc51cb [none]
[debug] [2021-06-23T10:31:21.760Z] >>> [apiv2][body] POST https://upload-firebasehosting.googleapis.com/upload/sites/lele-press/versions/734678478704e328/files/3fe1ed506a52ff0af96a8b87fb3af93d7513a0b7cf95086982cc521518dc51cb [stream]
[debug] [2021-06-23T10:31:21.760Z] [uploadQueue] Retrying task 87b38f85391d42d5b96135be613d025edce553c4aee209fe241add6ea9bfe46e
[debug] [2021-06-23T10:31:21.760Z] >>> [apiv2][query] POST https://upload-firebasehosting.googleapis.com/upload/sites/lele-press/versions/734678478704e328/files/87b38f85391d42d5b96135be613d025edce553c4aee209fe241add6ea9bfe46e [none]
[debug] [2021-06-23T10:31:21.760Z] >>> [apiv2][body] POST https://upload-firebasehosting.googleapis.com/upload/sites/lele-press/versions/734678478704e328/files/87b38f85391d42d5b96135be613d025edce553c4aee209fe241add6ea9bfe46e [stream]
[debug] [2021-06-23T10:31:21.762Z] [uploadQueue] Retrying task 2130ac67025910cb977a2a2e3764c091f13e2f6701455dfeac06151f988cdca6
[debug] [2021-06-23T10:31:21.763Z] >>> [apiv2][query] POST https://upload-firebasehosting.googleapis.com/upload/sites/lele-press/versions/734678478704e328/files/2130ac67025910cb977a2a2e3764c091f13e2f6701455dfeac06151f988cdca6 [none]
[debug] [2021-06-23T10:31:21.763Z] >>> [apiv2][body] POST https://upload-firebasehosting.googleapis.com/upload/sites/lele-press/versions/734678478704e328/files/2130ac67025910cb977a2a2e3764c091f13e2f6701455dfeac06151f988cdca6 [stream]
[debug] [2021-06-23T10:31:21.763Z] [uploadQueue] Retrying task 0c49a521c5019565ee7be80e005c5dedd4af4ac53053fdcca444820a7e9531e0
[debug] [2021-06-23T10:31:21.763Z] >>> [apiv2][query] POST https://upload-firebasehosting.googleapis.com/upload/sites/lele-press/versions/734678478704e328/files/0c49a521c5019565ee7be80e005c5dedd4af4ac53053fdcca444820a7e9531e0 [none]
[debug] [2021-06-23T10:31:21.763Z] >>> [apiv2][body] POST https://upload-firebasehosting.googleapis.com/upload/sites/lele-press/versions/734678478704e328/files/0c49a521c5019565ee7be80e005c5dedd4af4ac53053fdcca444820a7e9531e0 [stream]
[debug] [2021-06-23T10:31:21.764Z] [uploadQueue] Retrying task 4df957b85ca5d28f7f7c58841410896edf2be483783a3717eb3c1378e3da48a6
[debug] [2021-06-23T10:31:21.764Z] >>> [apiv2][query] POST https://upload-firebasehosting.googleapis.com/upload/sites/lele-press/versions/734678478704e328/files/4df957b85ca5d28f7f7c58841410896edf2be483783a3717eb3c1378e3da48a6 [none]
[debug] [2021-06-23T10:31:21.764Z] >>> [apiv2][body] POST https://upload-firebasehosting.googleapis.com/upload/sites/lele-press/versions/734678478704e328/files/4df957b85ca5d28f7f7c58841410896edf2be483783a3717eb3c1378e3da48a6 [stream]
[debug] [2021-06-23T10:31:21.765Z] [uploadQueue] Retrying task 3e0526e1560cb9b478a078c8b227429509bc570e7353fa23688e6152dae9298f
[debug] [2021-06-23T10:31:21.765Z] >>> [apiv2][query] POST https://upload-firebasehosting.googleapis.com/upload/sites/lele-press/versions/734678478704e328/files/3e0526e1560cb9b478a078c8b227429509bc570e7353fa23688e6152dae9298f [none]
[debug] [2021-06-23T10:31:21.765Z] >>> [apiv2][body] POST https://upload-firebasehosting.googleapis.com/upload/sites/lele-press/versions/734678478704e328/files/3e0526e1560cb9b478a078c8b227429509bc570e7353fa23688e6152dae9298f [stream]
[debug] [2021-06-23T10:31:21.767Z] [uploadQueue] Retrying task a2664831a60ed0328490739aa395ebf1e9b8db306b2ee3ef055b1f4b7f06012e
[debug] [2021-06-23T10:31:21.767Z] >>> [apiv2][query] POST https://upload-firebasehosting.googleapis.com/upload/sites/lele-press/versions/734678478704e328/files/a2664831a60ed0328490739aa395ebf1e9b8db306b2ee3ef055b1f4b7f06012e [none]
[debug] [2021-06-23T10:31:21.767Z] >>> [apiv2][body] POST https://upload-firebasehosting.googleapis.com/upload/sites/lele-press/versions/734678478704e328/files/a2664831a60ed0328490739aa395ebf1e9b8db306b2ee3ef055b1f4b7f06012e [stream]
[debug] [2021-06-23T10:31:23.656Z] [uploadQueue] Retrying task bad3804f39f932158bbf99d419c3fb7d0c21153fb69a09e30d8cf2737a5643f2
[debug] [2021-06-23T10:31:23.656Z] >>> [apiv2][query] POST https://upload-firebasehosting.googleapis.com/upload/sites/lele-press/versions/734678478704e328/files/bad3804f39f932158bbf99d419c3fb7d0c21153fb69a09e30d8cf2737a5643f2 [none]
[debug] [2021-06-23T10:31:23.656Z] >>> [apiv2][body] POST https://upload-firebasehosting.googleapis.com/upload/sites/lele-press/versions/734678478704e328/files/bad3804f39f932158bbf99d419c3fb7d0c21153fb69a09e30d8cf2737a5643f2 [stream]
[debug] [2021-06-23T10:31:29.014Z] [uploadQueue] Retrying task 58da793c708e310cbae8c33cf911667b6e3479ee63647e98dc1aa8993e4f4a35
[debug] [2021-06-23T10:31:29.015Z] >>> [apiv2][query] POST https://upload-firebasehosting.googleapis.com/upload/sites/lele-press/versions/734678478704e328/files/58da793c708e310cbae8c33cf911667b6e3479ee63647e98dc1aa8993e4f4a35 [none]
[debug] [2021-06-23T10:31:29.015Z] >>> [apiv2][body] POST https://upload-firebasehosting.googleapis.com/upload/sites/lele-press/versions/734678478704e328/files/58da793c708e310cbae8c33cf911667b6e3479ee63647e98dc1aa8993e4f4a35 [stream]
[debug] [2021-06-23T10:31:34.190Z] [uploadQueue] Retrying task cdd06e3bf0156bea7eb3ac34569687229259e790804254fce6e76e6600272ff9
[debug] [2021-06-23T10:31:34.190Z] >>> [apiv2][query] POST https://upload-firebasehosting.googleapis.com/upload/sites/lele-press/versions/734678478704e328/files/cdd06e3bf0156bea7eb3ac34569687229259e790804254fce6e76e6600272ff9 [none]
[debug] [2021-06-23T10:31:34.190Z] >>> [apiv2][body] POST https://upload-firebasehosting.googleapis.com/upload/sites/lele-press/versions/734678478704e328/files/cdd06e3bf0156bea7eb3ac34569687229259e790804254fce6e76e6600272ff9 [stream]
[debug] [2021-06-23T10:31:35.380Z] [uploadQueue] Retrying task 71bb95af5e66cceddded8d664247a18d46b6278fc4854d848b29cdd3b095bbf4
[debug] [2021-06-23T10:31:35.381Z] >>> [apiv2][query] POST https://upload-firebasehosting.googleapis.com/upload/sites/lele-press/versions/734678478704e328/files/71bb95af5e66cceddded8d664247a18d46b6278fc4854d848b29cdd3b095bbf4 [none]
[debug] [2021-06-23T10:31:35.381Z] >>> [apiv2][body] POST https://upload-firebasehosting.googleapis.com/upload/sites/lele-press/versions/734678478704e328/files/71bb95af5e66cceddded8d664247a18d46b6278fc4854d848b29cdd3b095bbf4 [stream]
[debug] [2021-06-23T10:31:35.473Z] [uploadQueue] Retrying task 4b357b1ec6db356a4656d4caedd150e016eccafcb13e1cb1bfc8d22c86cf74c0
[debug] [2021-06-23T10:31:35.473Z] >>> [apiv2][query] POST https://upload-firebasehosting.googleapis.com/upload/sites/lele-press/versions/734678478704e328/files/4b357b1ec6db356a4656d4caedd150e016eccafcb13e1cb1bfc8d22c86cf74c0 [none]
[debug] [2021-06-23T10:31:35.473Z] >>> [apiv2][body] POST https://upload-firebasehosting.googleapis.com/upload/sites/lele-press/versions/734678478704e328/files/4b357b1ec6db356a4656d4caedd150e016eccafcb13e1cb1bfc8d22c86cf74c0 [stream]
[debug] [2021-06-23T10:31:35.477Z] [uploadQueue] Retrying task d60f9ccd28ce36ce00c0186256306dcbc1d63fdb7833d6be5439f6aa051275e3
[debug] [2021-06-23T10:31:35.479Z] >>> [apiv2][query] POST https://upload-firebasehosting.googleapis.com/upload/sites/lele-press/versions/734678478704e328/files/d60f9ccd28ce36ce00c0186256306dcbc1d63fdb7833d6be5439f6aa051275e3 [none]
[debug] [2021-06-23T10:31:35.479Z] >>> [apiv2][body] POST https://upload-firebasehosting.googleapis.com/upload/sites/lele-press/versions/734678478704e328/files/d60f9ccd28ce36ce00c0186256306dcbc1d63fdb7833d6be5439f6aa051275e3 [stream]
[debug] [2021-06-23T10:31:36.275Z] [uploadQueue] Retrying task 590cbac32e5eaf9893f069c84670aa921fe033b7ca8a89db2ac894e54c196227
[debug] [2021-06-23T10:31:36.276Z] >>> [apiv2][query] POST https://upload-firebasehosting.googleapis.com/upload/sites/lele-press/versions/734678478704e328/files/590cbac32e5eaf9893f069c84670aa921fe033b7ca8a89db2ac894e54c196227 [none]
[debug] [2021-06-23T10:31:36.276Z] >>> [apiv2][body] POST https://upload-firebasehosting.googleapis.com/upload/sites/lele-press/versions/734678478704e328/files/590cbac32e5eaf9893f069c84670aa921fe033b7ca8a89db2ac894e54c196227 [stream]
[debug] [2021-06-23T10:31:36.291Z] [uploadQueue] Retrying task 2130ac67025910cb977a2a2e3764c091f13e2f6701455dfeac06151f988cdca6
[debug] [2021-06-23T10:31:36.293Z] >>> [apiv2][query] POST https://upload-firebasehosting.googleapis.com/upload/sites/lele-press/versions/734678478704e328/files/2130ac67025910cb977a2a2e3764c091f13e2f6701455dfeac06151f988cdca6 [none]
[debug] [2021-06-23T10:31:36.293Z] >>> [apiv2][body] POST https://upload-firebasehosting.googleapis.com/upload/sites/lele-press/versions/734678478704e328/files/2130ac67025910cb977a2a2e3764c091f13e2f6701455dfeac06151f988cdca6 [stream]
[debug] [2021-06-23T10:31:37.886Z] [uploadQueue] Retrying task 9c4097e269ecef078db5919d7f55edaf3490bfcebb09178ae61e08eae3402ff8
[debug] [2021-06-23T10:31:37.887Z] >>> [apiv2][query] POST https://upload-firebasehosting.googleapis.com/upload/sites/lele-press/versions/734678478704e328/files/9c4097e269ecef078db5919d7f55edaf3490bfcebb09178ae61e08eae3402ff8 [none]
[debug] [2021-06-23T10:31:37.887Z] >>> [apiv2][body] POST https://upload-firebasehosting.googleapis.com/upload/sites/lele-press/versions/734678478704e328/files/9c4097e269ecef078db5919d7f55edaf3490bfcebb09178ae61e08eae3402ff8 [stream]
[debug] [2021-06-23T10:31:45.748Z] [uploadQueue] Retrying task 2f024419745dcf66497bd01e6181d3ec7f92542cba21980cda5ad11aa00aa99d
[debug] [2021-06-23T10:31:45.749Z] >>> [apiv2][query] POST https://upload-firebasehosting.googleapis.com/upload/sites/lele-press/versions/734678478704e328/files/2f024419745dcf66497bd01e6181d3ec7f92542cba21980cda5ad11aa00aa99d [none]
[debug] [2021-06-23T10:31:45.749Z] >>> [apiv2][body] POST https://upload-firebasehosting.googleapis.com/upload/sites/lele-press/versions/734678478704e328/files/2f024419745dcf66497bd01e6181d3ec7f92542cba21980cda5ad11aa00aa99d [stream]
[debug] [2021-06-23T10:31:47.856Z] [uploadQueue] Retrying task d15663c475dfba3e0bee28d9a80504dcf4cea37a828c6b961578896f6b98a536
[debug] [2021-06-23T10:31:47.857Z] >>> [apiv2][query] POST https://upload-firebasehosting.googleapis.com/upload/sites/lele-press/versions/734678478704e328/files/d15663c475dfba3e0bee28d9a80504dcf4cea37a828c6b961578896f6b98a536 [none]
[debug] [2021-06-23T10:31:47.857Z] >>> [apiv2][body] POST https://upload-firebasehosting.googleapis.com/upload/sites/lele-press/versions/734678478704e328/files/d15663c475dfba3e0bee28d9a80504dcf4cea37a828c6b961578896f6b98a536 [stream]
[debug] [2021-06-23T10:31:49.896Z] [uploadQueue] Retrying task a5e884a1e35ae22da51508a3c0077a86bbedaa3da8a19fa00a1d8fc593e3fd6a
[debug] [2021-06-23T10:31:49.896Z] >>> [apiv2][query] POST https://upload-firebasehosting.googleapis.com/upload/sites/lele-press/versions/734678478704e328/files/a5e884a1e35ae22da51508a3c0077a86bbedaa3da8a19fa00a1d8fc593e3fd6a [none]
[debug] [2021-06-23T10:31:49.896Z] >>> [apiv2][body] POST https://upload-firebasehosting.googleapis.com/upload/sites/lele-press/versions/734678478704e328/files/a5e884a1e35ae22da51508a3c0077a86bbedaa3da8a19fa00a1d8fc593e3fd6a [stream]
[debug] [2021-06-23T10:31:50.378Z] [uploadQueue] Retrying task 31f05199c0ea06a78302985eb0633128002d7b6b6eca33e152216cd299a7253d
[debug] [2021-06-23T10:31:50.378Z] >>> [apiv2][query] POST https://upload-firebasehosting.googleapis.com/upload/sites/lele-press/versions/734678478704e328/files/31f05199c0ea06a78302985eb0633128002d7b6b6eca33e152216cd299a7253d [none]
[debug] [2021-06-23T10:31:50.378Z] >>> [apiv2][body] POST https://upload-firebasehosting.googleapis.com/upload/sites/lele-press/versions/734678478704e328/files/31f05199c0ea06a78302985eb0633128002d7b6b6eca33e152216cd299a7253d [stream]
[debug] [2021-06-23T10:31:50.761Z] [uploadQueue] Retrying task d60f9ccd28ce36ce00c0186256306dcbc1d63fdb7833d6be5439f6aa051275e3
[debug] [2021-06-23T10:31:50.761Z] >>> [apiv2][query] POST https://upload-firebasehosting.googleapis.com/upload/sites/lele-press/versions/734678478704e328/files/d60f9ccd28ce36ce00c0186256306dcbc1d63fdb7833d6be5439f6aa051275e3 [none]
[debug] [2021-06-23T10:31:50.761Z] >>> [apiv2][body] POST https://upload-firebasehosting.googleapis.com/upload/sites/lele-press/versions/734678478704e328/files/d60f9ccd28ce36ce00c0186256306dcbc1d63fdb7833d6be5439f6aa051275e3 [stream]
